This is pdfTeX, Version 3.14159265-2.6-1.40.19 (MiKTeX 2.9.6800 64-bit) (preloaded format=pdflatex 2018.9.2)  10 SEP 2018 22:23
entering extended mode
**./main.tex
(main.tex
LaTeX2e <2018-04-01> patch level 5
("C:\Program Files\MiKTeX 2.9\tex\latex\base\book.cls"
Document Class: book 2014/09/29 v1.4h Standard LaTeX document class
("C:\Program Files\MiKTeX 2.9\tex\latex\base\bk10.clo"
File: bk10.clo 2014/09/29 v1.4h Standard LaTeX file (size option)
)
\c@part=\count80
\c@chapter=\count81
\c@section=\count82
\c@subsection=\count83
\c@subsubsection=\count84
\c@paragraph=\count85
\c@subparagraph=\count86
\c@figure=\count87
\c@table=\count88
\abovecaptionskip=\skip41
\belowcaptionskip=\skip42
\bibindent=\dimen102
)
("C:\Program Files\MiKTeX 2.9\tex\latex\geometry\geometry.sty"
Package: geometry 2018/04/16 v5.8 Page Geometry

("C:\Program Files\MiKTeX 2.9\tex\latex\graphics\keyval.sty"
Package: keyval 2014/10/28 v1.15 key=value parser (DPC)
\KV@toks@=\toks14
)
("C:\Program Files\MiKTeX 2.9\tex\generic\oberdiek\ifpdf.sty"
Package: ifpdf 2017/03/15 v3.2 Provides the ifpdf switch
)
("C:\Program Files\MiKTeX 2.9\tex\generic\oberdiek\ifvtex.sty"
Package: ifvtex 2016/05/16 v1.6 Detect VTeX and its facilities (HO)
Package ifvtex Info: VTeX not detected.
)
("C:\Program Files\MiKTeX 2.9\tex\generic\ifxetex\ifxetex.sty"
Package: ifxetex 2010/09/12 v0.6 Provides ifxetex conditional
)
\Gm@cnth=\count89
\Gm@cntv=\count90
\c@Gm@tempcnt=\count91
\Gm@bindingoffset=\dimen103
\Gm@wd@mp=\dimen104
\Gm@odd@mp=\dimen105
\Gm@even@mp=\dimen106
\Gm@layoutwidth=\dimen107
\Gm@layoutheight=\dimen108
\Gm@layouthoffset=\dimen109
\Gm@layoutvoffset=\dimen110
\Gm@dimlist=\toks15

("C:\Program Files\MiKTeX 2.9\tex\latex\geometry\geometry.cfg"))
("C:\Program Files\MiKTeX 2.9\tex\latex\polski\polski.sty"
Package: polski 2017/05/04 v1.3.4 Polish language package

   Switching to Polish text encoding and Polish maths fonts.
("C:\Program Files\MiKTeX 2.9\tex\latex\base\ot4enc.def"
File: ot4enc.def 2017/04/05 v2.0i Standard LaTeX file
Now handling font encoding OT4 ...
... no UTF-8 mapping file for font encoding OT4
)
LaTeX Font Info:    Try loading font information for OT4+cmr on input line 360.


("C:\Program Files\MiKTeX 2.9\tex\latex\polski\ot4cmr.fd"
File: ot4cmr.fd 2008/02/24 v1.2.1 Font defs for fonts PL (MW)
)
LaTeX Font Info:    Overwriting math alphabet `\mathbf' in version `normal'
(Font)                  OT1/cmr/bx/n --> OT4/cmr/bx/n on input line 360.
LaTeX Font Info:    Overwriting math alphabet `\mathsf' in version `normal'
(Font)                  OT1/cmss/m/n --> OT4/cmss/m/n on input line 360.
LaTeX Font Info:    Overwriting math alphabet `\mathit' in version `normal'
(Font)                  OT1/cmr/m/it --> OT4/cmr/m/it on input line 360.
LaTeX Font Info:    Overwriting math alphabet `\mathtt' in version `normal'
(Font)                  OT1/cmtt/m/n --> OT4/cmtt/m/n on input line 360.
LaTeX Font Info:    Overwriting math alphabet `\mathsf' in version `bold'
(Font)                  OT1/cmss/bx/n --> OT4/cmss/bx/n on input line 360.
LaTeX Font Info:    Overwriting math alphabet `\mathit' in version `bold'
(Font)                  OT1/cmr/bx/it --> OT4/cmr/bx/it on input line 360.
LaTeX Font Info:    Encoding `OT1' has changed to `OT4' for symbol font
(Font)              `operators' in the math version `normal' on input line 360.

LaTeX Font Info:    Overwriting symbol font `operators' in version `normal'
(Font)                  OT1/cmr/m/n --> OT4/cmr/m/n on input line 360.
LaTeX Font Info:    Overwriting symbol font `letters' in version `normal'
(Font)                  OML/cmm/m/it --> OML/plm/m/it on input line 360.
LaTeX Font Info:    Overwriting symbol font `symbols' in version `normal'
(Font)                  OMS/cmsy/m/n --> OMS/plsy/m/n on input line 360.
LaTeX Font Info:    Overwriting symbol font `largesymbols' in version `normal'
(Font)                  OMX/cmex/m/n --> OMX/plex/m/n on input line 360.
LaTeX Font Info:    Encoding `OT1' has changed to `OT4' for symbol font
(Font)              `operators' in the math version `bold' on input line 360.
LaTeX Font Info:    Overwriting symbol font `operators' in version `bold'
(Font)                  OT1/cmr/bx/n --> OT4/cmr/bx/n on input line 360.
LaTeX Font Info:    Overwriting symbol font `letters' in version `bold'
(Font)                  OML/cmm/b/it --> OML/plm/b/it on input line 360.
LaTeX Font Info:    Overwriting symbol font `symbols' in version `bold'
(Font)                  OMS/cmsy/b/n --> OMS/plsy/b/n on input line 360.
)
("C:\Program Files\MiKTeX 2.9\tex\latex\base\inputenc.sty"
Package: inputenc 2018/04/06 v1.3b Input encoding file
\inpenc@prehook=\toks16
\inpenc@posthook=\toks17
)
("C:\Program Files\MiKTeX 2.9\tex\latex\graphics\graphicx.sty"
Package: graphicx 2017/06/01 v1.1a Enhanced LaTeX Graphics (DPC,SPQR)

("C:\Program Files\MiKTeX 2.9\tex\latex\graphics\graphics.sty"
Package: graphics 2017/06/25 v1.2c Standard LaTeX Graphics (DPC,SPQR)

("C:\Program Files\MiKTeX 2.9\tex\latex\graphics\trig.sty"
Package: trig 2016/01/03 v1.10 sin cos tan (DPC)
)
("C:\Program Files\MiKTeX 2.9\tex\latex\graphics-cfg\graphics.cfg"
File: graphics.cfg 2016/06/04 v1.11 sample graphics configuration
)
Package graphics Info: Driver file: pdftex.def on input line 99.

("C:\Program Files\MiKTeX 2.9\tex\latex\graphics-def\pdftex.def"
File: pdftex.def 2018/01/08 v1.0l Graphics/color driver for pdftex
))
\Gin@req@height=\dimen111
\Gin@req@width=\dimen112
)
("C:\Program Files\MiKTeX 2.9\tex\latex\tools\tabularx.sty"
Package: tabularx 2016/02/03 v2.11b `tabularx' package (DPC)

("C:\Program Files\MiKTeX 2.9\tex\latex\tools\array.sty"
Package: array 2018/04/30 v2.4h Tabular extension package (FMi)
\col@sep=\dimen113
\ar@mcellbox=\box26
\extrarowheight=\dimen114
\NC@list=\toks18
\extratabsurround=\skip43
\backup@length=\skip44
\ar@cellbox=\box27
)
\TX@col@width=\dimen115
\TX@old@table=\dimen116
\TX@old@col=\dimen117
\TX@target=\dimen118
\TX@delta=\dimen119
\TX@cols=\count92
\TX@ftn=\toks19
)
("C:\Program Files\MiKTeX 2.9\tex\latex\caption\caption.sty"
Package: caption 2018/05/01 v3.3-147 Customizing captions (AR)

("C:\Program Files\MiKTeX 2.9\tex\latex\caption\caption3.sty"
Package: caption3 2018/05/27 v1.8a caption3 kernel (AR)
Package caption3 Info: TeX engine: e-TeX on input line 64.
\captionmargin=\dimen120
\captionmargin@=\dimen121
\captionwidth=\dimen122
\caption@tempdima=\dimen123
\caption@indent=\dimen124
\caption@parindent=\dimen125
\caption@hangindent=\dimen126
)
\c@ContinuedFloat=\count93
)
("C:\Program Files\MiKTeX 2.9\tex\latex\float\float.sty"
Package: float 2001/11/08 v1.3d Float enhancements (AL)
\c@float@type=\count94
\float@exts=\toks20
\float@box=\box28
\@float@everytoks=\toks21
\@floatcapt=\box29
)
("C:\Program Files\MiKTeX 2.9\tex\latex\pgf\frontendlayer\tikz.sty"
("C:\Program Files\MiKTeX 2.9\tex\latex\pgf\basiclayer\pgf.sty"
("C:\Program Files\MiKTeX 2.9\tex\latex\pgf\utilities\pgfrcs.sty"
("C:\Program Files\MiKTeX 2.9\tex\generic\pgf\utilities\pgfutil-common.tex"
\pgfutil@everybye=\toks22
\pgfutil@tempdima=\dimen127
\pgfutil@tempdimb=\dimen128

("C:\Program Files\MiKTeX 2.9\tex\generic\pgf\utilities\pgfutil-common-lists.te
x")) ("C:\Program Files\MiKTeX 2.9\tex\generic\pgf\utilities\pgfutil-latex.def"
\pgfutil@abb=\box30
("C:\Program Files\MiKTeX 2.9\tex\latex\ms\everyshi.sty"
Package: everyshi 2001/05/15 v3.00 EveryShipout Package (MS)
))
("C:\Program Files\MiKTeX 2.9\tex\generic\pgf\utilities\pgfrcs.code.tex"
Package: pgfrcs 2015/08/07 v3.0.1a (rcs-revision 1.31)
))
Package: pgf 2015/08/07 v3.0.1a (rcs-revision 1.15)

("C:\Program Files\MiKTeX 2.9\tex\latex\pgf\basiclayer\pgfcore.sty"
("C:\Program Files\MiKTeX 2.9\tex\latex\pgf\systemlayer\pgfsys.sty"
("C:\Program Files\MiKTeX 2.9\tex\generic\pgf\systemlayer\pgfsys.code.tex"
Package: pgfsys 2014/07/09 v3.0.1a (rcs-revision 1.48)

("C:\Program Files\MiKTeX 2.9\tex\generic\pgf\utilities\pgfkeys.code.tex"
\pgfkeys@pathtoks=\toks23
\pgfkeys@temptoks=\toks24

("C:\Program Files\MiKTeX 2.9\tex\generic\pgf\utilities\pgfkeysfiltered.code.te
x"
\pgfkeys@tmptoks=\toks25
))
\pgf@x=\dimen129
\pgf@y=\dimen130
\pgf@xa=\dimen131
\pgf@ya=\dimen132
\pgf@xb=\dimen133
\pgf@yb=\dimen134
\pgf@xc=\dimen135
\pgf@yc=\dimen136
\w@pgf@writea=\write3
\r@pgf@reada=\read1
\c@pgf@counta=\count95
\c@pgf@countb=\count96
\c@pgf@countc=\count97
\c@pgf@countd=\count98
\t@pgf@toka=\toks26
\t@pgf@tokb=\toks27
\t@pgf@tokc=\toks28
 ("C:\Program Files\MiKTeX 2.9\tex\generic\pgf\systemlayer\pgf.cfg"
File: pgf.cfg 2008/05/14  (rcs-revision 1.7)
)
Driver file for pgf: pgfsys-pdftex.def

("C:\Program Files\MiKTeX 2.9\tex\generic\pgf\systemlayer\pgfsys-pdftex.def"
File: pgfsys-pdftex.def 2014/10/11  (rcs-revision 1.35)

("C:\Program Files\MiKTeX 2.9\tex\generic\pgf\systemlayer\pgfsys-common-pdf.def
"
File: pgfsys-common-pdf.def 2013/10/10  (rcs-revision 1.13)
)))
("C:\Program Files\MiKTeX 2.9\tex\generic\pgf\systemlayer\pgfsyssoftpath.code.t
ex"
File: pgfsyssoftpath.code.tex 2013/09/09  (rcs-revision 1.9)
\pgfsyssoftpath@smallbuffer@items=\count99
\pgfsyssoftpath@bigbuffer@items=\count100
)
("C:\Program Files\MiKTeX 2.9\tex\generic\pgf\systemlayer\pgfsysprotocol.code.t
ex"
File: pgfsysprotocol.code.tex 2006/10/16  (rcs-revision 1.4)
)) ("C:\Program Files\MiKTeX 2.9\tex\latex\xcolor\xcolor.sty"
Package: xcolor 2016/05/11 v2.12 LaTeX color extensions (UK)

("C:\Program Files\MiKTeX 2.9\tex\latex\graphics-cfg\color.cfg"
File: color.cfg 2016/01/02 v1.6 sample color configuration
)
Package xcolor Info: Driver file: pdftex.def on input line 225.
Package xcolor Info: Model `cmy' substituted by `cmy0' on input line 1348.
Package xcolor Info: Model `hsb' substituted by `rgb' on input line 1352.
Package xcolor Info: Model `RGB' extended on input line 1364.
Package xcolor Info: Model `HTML' substituted by `rgb' on input line 1366.
Package xcolor Info: Model `Hsb' substituted by `hsb' on input line 1367.
Package xcolor Info: Model `tHsb' substituted by `hsb' on input line 1368.
Package xcolor Info: Model `HSB' substituted by `hsb' on input line 1369.
Package xcolor Info: Model `Gray' substituted by `gray' on input line 1370.
Package xcolor Info: Model `wave' substituted by `hsb' on input line 1371.
)
("C:\Program Files\MiKTeX 2.9\tex\generic\pgf\basiclayer\pgfcore.code.tex"
Package: pgfcore 2010/04/11 v3.0.1a (rcs-revision 1.7)

("C:\Program Files\MiKTeX 2.9\tex\generic\pgf\math\pgfmath.code.tex"
("C:\Program Files\MiKTeX 2.9\tex\generic\pgf\math\pgfmathcalc.code.tex"
("C:\Program Files\MiKTeX 2.9\tex\generic\pgf\math\pgfmathutil.code.tex")
("C:\Program Files\MiKTeX 2.9\tex\generic\pgf\math\pgfmathparser.code.tex"
\pgfmath@dimen=\dimen137
\pgfmath@count=\count101
\pgfmath@box=\box31
\pgfmath@toks=\toks29
\pgfmath@stack@operand=\toks30
\pgfmath@stack@operation=\toks31
)
("C:\Program Files\MiKTeX 2.9\tex\generic\pgf\math\pgfmathfunctions.code.tex"
("C:\Program Files\MiKTeX 2.9\tex\generic\pgf\math\pgfmathfunctions.basic.code.
tex")
("C:\Program Files\MiKTeX 2.9\tex\generic\pgf\math\pgfmathfunctions.trigonometr
ic.code.tex")
("C:\Program Files\MiKTeX 2.9\tex\generic\pgf\math\pgfmathfunctions.random.code
.tex")
("C:\Program Files\MiKTeX 2.9\tex\generic\pgf\math\pgfmathfunctions.comparison.
code.tex")
("C:\Program Files\MiKTeX 2.9\tex\generic\pgf\math\pgfmathfunctions.base.code.t
ex")
("C:\Program Files\MiKTeX 2.9\tex\generic\pgf\math\pgfmathfunctions.round.code.
tex")
("C:\Program Files\MiKTeX 2.9\tex\generic\pgf\math\pgfmathfunctions.misc.code.t
ex")
("C:\Program Files\MiKTeX 2.9\tex\generic\pgf\math\pgfmathfunctions.integerarit
hmetics.code.tex")))
("C:\Program Files\MiKTeX 2.9\tex\generic\pgf\math\pgfmathfloat.code.tex"
\c@pgfmathroundto@lastzeros=\count102
))
("C:\Program Files\MiKTeX 2.9\tex\generic\pgf\basiclayer\pgfcorepoints.code.tex
"
File: pgfcorepoints.code.tex 2013/10/07  (rcs-revision 1.27)
\pgf@picminx=\dimen138
\pgf@picmaxx=\dimen139
\pgf@picminy=\dimen140
\pgf@picmaxy=\dimen141
\pgf@pathminx=\dimen142
\pgf@pathmaxx=\dimen143
\pgf@pathminy=\dimen144
\pgf@pathmaxy=\dimen145
\pgf@xx=\dimen146
\pgf@xy=\dimen147
\pgf@yx=\dimen148
\pgf@yy=\dimen149
\pgf@zx=\dimen150
\pgf@zy=\dimen151
)
("C:\Program Files\MiKTeX 2.9\tex\generic\pgf\basiclayer\pgfcorepathconstruct.c
ode.tex"
File: pgfcorepathconstruct.code.tex 2013/10/07  (rcs-revision 1.29)
\pgf@path@lastx=\dimen152
\pgf@path@lasty=\dimen153
)
("C:\Program Files\MiKTeX 2.9\tex\generic\pgf\basiclayer\pgfcorepathusage.code.
tex"
File: pgfcorepathusage.code.tex 2014/11/02  (rcs-revision 1.24)
\pgf@shorten@end@additional=\dimen154
\pgf@shorten@start@additional=\dimen155
)
("C:\Program Files\MiKTeX 2.9\tex\generic\pgf\basiclayer\pgfcorescopes.code.tex
"
File: pgfcorescopes.code.tex 2015/05/08  (rcs-revision 1.46)
\pgfpic=\box32
\pgf@hbox=\box33
\pgf@layerbox@main=\box34
\pgf@picture@serial@count=\count103
)
("C:\Program Files\MiKTeX 2.9\tex\generic\pgf\basiclayer\pgfcoregraphicstate.co
de.tex"
File: pgfcoregraphicstate.code.tex 2014/11/02  (rcs-revision 1.12)
\pgflinewidth=\dimen156
)
("C:\Program Files\MiKTeX 2.9\tex\generic\pgf\basiclayer\pgfcoretransformations
.code.tex"
File: pgfcoretransformations.code.tex 2015/08/07  (rcs-revision 1.20)
\pgf@pt@x=\dimen157
\pgf@pt@y=\dimen158
\pgf@pt@temp=\dimen159
)
("C:\Program Files\MiKTeX 2.9\tex\generic\pgf\basiclayer\pgfcorequick.code.tex"
File: pgfcorequick.code.tex 2008/10/09  (rcs-revision 1.3)
)
("C:\Program Files\MiKTeX 2.9\tex\generic\pgf\basiclayer\pgfcoreobjects.code.te
x"
File: pgfcoreobjects.code.tex 2006/10/11  (rcs-revision 1.2)
)
("C:\Program Files\MiKTeX 2.9\tex\generic\pgf\basiclayer\pgfcorepathprocessing.
code.tex"
File: pgfcorepathprocessing.code.tex 2013/09/09  (rcs-revision 1.9)
)
("C:\Program Files\MiKTeX 2.9\tex\generic\pgf\basiclayer\pgfcorearrows.code.tex
"
File: pgfcorearrows.code.tex 2015/05/14  (rcs-revision 1.43)
\pgfarrowsep=\dimen160
)
("C:\Program Files\MiKTeX 2.9\tex\generic\pgf\basiclayer\pgfcoreshade.code.tex"
File: pgfcoreshade.code.tex 2013/07/15  (rcs-revision 1.15)
\pgf@max=\dimen161
\pgf@sys@shading@range@num=\count104
) ("C:\Program Files\MiKTeX 2.9\tex\generic\pgf\basiclayer\pgfcoreimage.code.te
x"
File: pgfcoreimage.code.tex 2013/07/15  (rcs-revision 1.18)

("C:\Program Files\MiKTeX 2.9\tex\generic\pgf\basiclayer\pgfcoreexternal.code.t
ex"
File: pgfcoreexternal.code.tex 2014/07/09  (rcs-revision 1.21)
\pgfexternal@startupbox=\box35
))
("C:\Program Files\MiKTeX 2.9\tex\generic\pgf\basiclayer\pgfcorelayers.code.tex
"
File: pgfcorelayers.code.tex 2013/07/18  (rcs-revision 1.7)
)
("C:\Program Files\MiKTeX 2.9\tex\generic\pgf\basiclayer\pgfcoretransparency.co
de.tex"
File: pgfcoretransparency.code.tex 2013/09/30  (rcs-revision 1.5)
)
("C:\Program Files\MiKTeX 2.9\tex\generic\pgf\basiclayer\pgfcorepatterns.code.t
ex"
File: pgfcorepatterns.code.tex 2013/11/07  (rcs-revision 1.5)
)))
("C:\Program Files\MiKTeX 2.9\tex\generic\pgf\modules\pgfmoduleshapes.code.tex"
File: pgfmoduleshapes.code.tex 2014/03/21  (rcs-revision 1.35)
\pgfnodeparttextbox=\box36
) ("C:\Program Files\MiKTeX 2.9\tex\generic\pgf\modules\pgfmoduleplot.code.tex"
File: pgfmoduleplot.code.tex 2015/08/03  (rcs-revision 1.13)
)
("C:\Program Files\MiKTeX 2.9\tex\latex\pgf\compatibility\pgfcomp-version-0-65.
sty"
Package: pgfcomp-version-0-65 2007/07/03 v3.0.1a (rcs-revision 1.7)
\pgf@nodesepstart=\dimen162
\pgf@nodesepend=\dimen163
)
("C:\Program Files\MiKTeX 2.9\tex\latex\pgf\compatibility\pgfcomp-version-1-18.
sty"
Package: pgfcomp-version-1-18 2007/07/23 v3.0.1a (rcs-revision 1.1)
)) ("C:\Program Files\MiKTeX 2.9\tex\latex\pgf\utilities\pgffor.sty"
("C:\Program Files\MiKTeX 2.9\tex\latex\pgf\utilities\pgfkeys.sty"
("C:\Program Files\MiKTeX 2.9\tex\generic\pgf\utilities\pgfkeys.code.tex"))
("C:\Program Files\MiKTeX 2.9\tex\latex\pgf\math\pgfmath.sty"
("C:\Program Files\MiKTeX 2.9\tex\generic\pgf\math\pgfmath.code.tex"))
("C:\Program Files\MiKTeX 2.9\tex\generic\pgf\utilities\pgffor.code.tex"
Package: pgffor 2013/12/13 v3.0.1a (rcs-revision 1.25)

("C:\Program Files\MiKTeX 2.9\tex\generic\pgf\math\pgfmath.code.tex")
\pgffor@iter=\dimen164
\pgffor@skip=\dimen165
\pgffor@stack=\toks32
\pgffor@toks=\toks33
))
("C:\Program Files\MiKTeX 2.9\tex\generic\pgf\frontendlayer\tikz\tikz.code.tex"
Package: tikz 2015/08/07 v3.0.1a (rcs-revision 1.151)

("C:\Program Files\MiKTeX 2.9\tex\generic\pgf\libraries\pgflibraryplothandlers.
code.tex"
File: pgflibraryplothandlers.code.tex 2013/08/31 v3.0.1a (rcs-revision 1.20)
\pgf@plot@mark@count=\count105
\pgfplotmarksize=\dimen166
)
\tikz@lastx=\dimen167
\tikz@lasty=\dimen168
\tikz@lastxsaved=\dimen169
\tikz@lastysaved=\dimen170
\tikzleveldistance=\dimen171
\tikzsiblingdistance=\dimen172
\tikz@figbox=\box37
\tikz@figbox@bg=\box38
\tikz@tempbox=\box39
\tikz@tempbox@bg=\box40
\tikztreelevel=\count106
\tikznumberofchildren=\count107
\tikznumberofcurrentchild=\count108
\tikz@fig@count=\count109

("C:\Program Files\MiKTeX 2.9\tex\generic\pgf\modules\pgfmodulematrix.code.tex"
File: pgfmodulematrix.code.tex 2013/09/17  (rcs-revision 1.8)
\pgfmatrixcurrentrow=\count110
\pgfmatrixcurrentcolumn=\count111
\pgf@matrix@numberofcolumns=\count112
)
\tikz@expandcount=\count113

("C:\Program Files\MiKTeX 2.9\tex\generic\pgf\frontendlayer\tikz\libraries\tikz
librarytopaths.code.tex"
File: tikzlibrarytopaths.code.tex 2008/06/17 v3.0.1a (rcs-revision 1.2)
)))
("C:\Program Files\MiKTeX 2.9\tex\generic\pgf\frontendlayer\tikz\libraries\tikz
librarycalc.code.tex"
File: tikzlibrarycalc.code.tex 2013/07/15 v3.0.1a (rcs-revision 1.9)
)
("C:\Program Files\MiKTeX 2.9\tex\generic\pgf\frontendlayer\tikz\libraries\tikz
libraryshadings.code.tex"
File: tikzlibraryshadings.code.tex 2008/10/29 v3.0.1a (rcs-revision 1.1)

("C:\Program Files\MiKTeX 2.9\tex\generic\pgf\libraries\pgflibraryshadings.code
.tex"
File: pgflibraryshadings.code.tex 2008/10/29 v3.0.1a (rcs-revision 1.2)
))
("C:\Program Files\MiKTeX 2.9\tex\generic\pgf\frontendlayer\tikz\libraries\tikz
libraryshadows.code.tex"
File: tikzlibraryshadows.code.tex 2008/01/13 v3.0.1a (rcs-revision 1.3)

("C:\Program Files\MiKTeX 2.9\tex\generic\pgf\frontendlayer\tikz\libraries\tikz
libraryfadings.code.tex"
File: tikzlibraryfadings.code.tex 2009/11/15 v3.0.1a (rcs-revision 1.2)

("C:\Program Files\MiKTeX 2.9\tex\generic\pgf\libraries\pgflibraryfadings.code.
tex"
File: pgflibraryfadings.code.tex 2008/02/07 v3.0.1a (rcs-revision 1.3)
)))
("C:\Program Files\MiKTeX 2.9\tex\generic\pgf\frontendlayer\tikz\libraries\tikz
libraryshapes.arrows.code.tex"
File: tikzlibraryshapes.arrows.code.tex 2008/01/09 v3.0.1a (rcs-revision 1.1)

("C:\Program Files\MiKTeX 2.9\tex\generic\pgf\libraries\shapes\pgflibraryshapes
.arrows.code.tex"
File: pgflibraryshapes.arrows.code.tex 2008/06/26 v3.0.1a (rcs-revision 1.1)
))
("C:\Program Files\MiKTeX 2.9\tex\latex\makecell\makecell.sty"
Package: makecell 2009/08/03 V0.1e Managing of Tab Column Heads and Cells
\rotheadsize=\dimen173
\c@nlinenum=\count114
\TeXr@lab=\toks34
)
("C:\Program Files\MiKTeX 2.9\tex\latex\ms\ragged2e.sty"
Package: ragged2e 2009/05/21 v2.1 ragged2e Package (MS)

("C:\Program Files\MiKTeX 2.9\tex\latex\ms\everysel.sty"
Package: everysel 2011/10/28 v1.2 EverySelectfont Package (MS)
)
\CenteringLeftskip=\skip45
\RaggedLeftLeftskip=\skip46
\RaggedRightLeftskip=\skip47
\CenteringRightskip=\skip48
\RaggedLeftRightskip=\skip49
\RaggedRightRightskip=\skip50
\CenteringParfillskip=\skip51
\RaggedLeftParfillskip=\skip52
\RaggedRightParfillskip=\skip53
\JustifyingParfillskip=\skip54
\CenteringParindent=\skip55
\RaggedLeftParindent=\skip56
\RaggedRightParindent=\skip57
\JustifyingParindent=\skip58
)
("C:\Program Files\MiKTeX 2.9\tex\latex\amsmath\amsmath.sty"
Package: amsmath 2017/09/02 v2.17a AMS math features
\@mathmargin=\skip59

For additional information on amsmath, use the `?' option.
("C:\Program Files\MiKTeX 2.9\tex\latex\amsmath\amstext.sty"
Package: amstext 2000/06/29 v2.01 AMS text

("C:\Program Files\MiKTeX 2.9\tex\latex\amsmath\amsgen.sty"
File: amsgen.sty 1999/11/30 v2.0 generic functions
\@emptytoks=\toks35
\ex@=\dimen174
))
("C:\Program Files\MiKTeX 2.9\tex\latex\amsmath\amsbsy.sty"
Package: amsbsy 1999/11/29 v1.2d Bold Symbols
\pmbraise@=\dimen175
)
("C:\Program Files\MiKTeX 2.9\tex\latex\amsmath\amsopn.sty"
Package: amsopn 2016/03/08 v2.02 operator names
)
\inf@bad=\count115
LaTeX Info: Redefining \frac on input line 213.
\uproot@=\count116
\leftroot@=\count117
LaTeX Info: Redefining \overline on input line 375.
\classnum@=\count118
\DOTSCASE@=\count119
LaTeX Info: Redefining \ldots on input line 472.
LaTeX Info: Redefining \dots on input line 475.
LaTeX Info: Redefining \cdots on input line 596.
\Mathstrutbox@=\box41
\strutbox@=\box42
\big@size=\dimen176
LaTeX Font Info:    Redeclaring font encoding OML on input line 712.
LaTeX Font Info:    Redeclaring font encoding OMS on input line 713.
\macc@depth=\count120
\c@MaxMatrixCols=\count121
\dotsspace@=\muskip10
\c@parentequation=\count122
\dspbrk@lvl=\count123
\tag@help=\toks36
\row@=\count124
\column@=\count125
\maxfields@=\count126
\andhelp@=\toks37
\eqnshift@=\dimen177
\alignsep@=\dimen178
\tagshift@=\dimen179
\tagwidth@=\dimen180
\totwidth@=\dimen181
\lineht@=\dimen182
\@envbody=\toks38
\multlinegap=\skip60
\multlinetaggap=\skip61
\mathdisplay@stack=\toks39
LaTeX Info: Redefining \[ on input line 2817.
LaTeX Info: Redefining \] on input line 2818.
)
("C:\Program Files\MiKTeX 2.9\tex\latex\listings\listings.sty"
\lst@mode=\count127
\lst@gtempboxa=\box43
\lst@token=\toks40
\lst@length=\count128
\lst@currlwidth=\dimen183
\lst@column=\count129
\lst@pos=\count130
\lst@lostspace=\dimen184
\lst@width=\dimen185
\lst@newlines=\count131
\lst@lineno=\count132
\lst@maxwidth=\dimen186

("C:\Program Files\MiKTeX 2.9\tex\latex\listings\lstmisc.sty"
File: lstmisc.sty 2015/06/04 1.6 (Carsten Heinz)
\c@lstnumber=\count133
\lst@skipnumbers=\count134
\lst@framebox=\box44
)
("C:\Program Files\MiKTeX 2.9\tex\latex\listings\listings.cfg"
File: listings.cfg 2015/06/04 1.6 listings configuration
))
Package: listings 2015/06/04 1.6 (Carsten Heinz)

("C:\Program Files\MiKTeX 2.9\tex\latex\adjustbox\adjustbox.sty"
Package: adjustbox 2018/04/08 v1.1 Adjusting TeX boxes (trim, clip, ...)

("C:\Program Files\MiKTeX 2.9\tex\latex\xkeyval\xkeyval.sty"
Package: xkeyval 2014/12/03 v2.7a package option processing (HA)

("C:\Program Files\MiKTeX 2.9\tex\generic\xkeyval\xkeyval.tex"
("C:\Program Files\MiKTeX 2.9\tex\generic\xkeyval\xkvutils.tex"
\XKV@toks=\toks41
\XKV@tempa@toks=\toks42
)
\XKV@depth=\count135
File: xkeyval.tex 2014/12/03 v2.7a key=value parser (HA)
))
("C:\Program Files\MiKTeX 2.9\tex\latex\adjustbox\adjcalc.sty"
Package: adjcalc 2012/05/16 v1.1 Provides advanced setlength with multiple back
-ends (calc, etex, pgfmath)
)
("C:\Program Files\MiKTeX 2.9\tex\latex\adjustbox\trimclip.sty"
Package: trimclip 2018/04/08 v1.1 Trim and clip general TeX material

("C:\Program Files\MiKTeX 2.9\tex\latex\collectbox\collectbox.sty"
Package: collectbox 2012/05/17 v0.4b Collect macro arguments as boxes
\collectedbox=\box45
)
\tc@llx=\dimen187
\tc@lly=\dimen188
\tc@urx=\dimen189
\tc@ury=\dimen190
Package trimclip Info: Using driver 'tc-pdftex.def'.

("C:\Program Files\MiKTeX 2.9\tex\latex\adjustbox\tc-pdftex.def"
File: tc-pdftex.def 2018/04/08 v2.1 Clipping driver for pdftex
))
\adjbox@Width=\dimen191
\adjbox@Height=\dimen192
\adjbox@Depth=\dimen193
\adjbox@Totalheight=\dimen194
\adjbox@pwidth=\dimen195
\adjbox@pheight=\dimen196
\adjbox@pdepth=\dimen197
\adjbox@ptotalheight=\dimen198

("C:\Program Files\MiKTeX 2.9\tex\latex\ifoddpage\ifoddpage.sty"
Package: ifoddpage 2016/04/23 v1.1 Conditionals for odd/even page detection
\c@checkoddpage=\count136
)
("C:\Program Files\MiKTeX 2.9\tex\latex\varwidth\varwidth.sty"
Package: varwidth 2009/03/30 ver 0.92;  Variable-width minipages
\@vwid@box=\box46
\sift@deathcycles=\count137
\@vwid@loff=\dimen199
\@vwid@roff=\dimen256
))
("C:\Program Files\MiKTeX 2.9\tex\latex\ucs\ucs.sty"
Package: ucs 2013/05/11 v2.2 UCS: Unicode input support

("C:\Program Files\MiKTeX 2.9\tex\latex\ucs\uni-global.def"
File: uni-global.def 2013/05/13 UCS: Unicode global data
)
\uc@secondtry=\count138
\uc@combtoks=\toks43
\uc@combtoksb=\toks44
\uc@temptokena=\toks45
)
("C:\Program Files\MiKTeX 2.9\tex\latex\musixtex\musixtex.sty"
("C:\Program Files\MiKTeX 2.9\tex\generic\musixtex\musixtex.tex"
MusiXTeX(c) 1.29 <2018-08-04>
\n@i=\count139
\n@ii=\count140
\n@iii=\count141
\n@iv=\count142
\n@v=\count143
\n@vi=\count144
\n@vii=\count145
\n@viii=\count146
\count@=\count147
\toks@box=\box47
\w@rkbox=\box48
\n@otebox=\box49
\y@=\dimen257
\y@i=\dimen258
\y@ii=\dimen259
\y@iii=\dimen260
\y@iv=\dimen261
\y@v=\dimen262
\group@no=\count148
\interinstrument=\dimen263
\N@s=\count149
\s@Y=\dimen264
\lin@pos=\dimen265
\meet@minus@n@iv=\count150
\interbeam=\dimen266
\b@amthick=\dimen267
\Interligne=\dimen268
\Internote=\dimen269
\ch@box=\box50
\musicsize=\count151
\qd@skip=\dimen270
\qn@width=\dimen271
\wn@width=\dimen272
\txt@ff=\skip62
\s@indent=\skip63
\big@spc=\skip64
\lthick=\dimen273
\afterruleskip=\skip65
\staffbotmarg=\dimen274
\stafftopmarg=\dimen275
\line@width=\dimen276
\interportee=\dimen277
\noport@@=\count152
\noinstrum@nt=\count153
\altportee=\dimen278
\systemheight=\dimen279
\altplancher=\dimen280
\instrum@in@group=\skip66
\boxitsep=\skip67
\barsinpi@c@=\count154
\barno=\count155
\startbarno=\count156
\sign@skip=\dimen281
\maxsign@skip=\dimen282
\x@skip=\dimen283
\n@skip=\dimen284
\beforeruleskip=\skip68
\widthtyp@=\count157
\lastbarno=\count158
\cut@v=\skip69
\init@volta@pos=\skip70
\volta@startcor=\skip71
\volta@endcor=\skip72
\writ@volta@box=\box51
\barsinlin@=\count159
\maxbarsinlin@=\count160
\lastbarpos=\skip73
\ut@ref=\count161
\meterskip=\skip74
\t@c=\toks46
\clef@skip=\skip75
\noteskip=\dimen285
\transpose=\count162
\normaltranspose=\count163
\locx@skip=\dimen286
\elemskip=\dimen287
\@l@mskip=\dimen288
\inh@alt=\count164
\st@bot=\dimen289
\st@top=\dimen290
\stem@skip=\dimen291
\s@lope=\dimen292
\y@vi=\dimen293
\lift@rest=\dimen294
\accshift=\skip76
\@icresc=\skip77
\pdl@pos=\dimen295
\bigwedgebox=\box52
\@itrillei=\skip78
\@itrilleii=\skip79
\@itrilleiii=\skip80
\@itrilleiv=\skip81
\@itrillev=\skip82
\@itrillevi=\skip83
\tr@number=\count165
\tr@nspose=\count166
\o@swz=\toks47
\o@number=\count167
\y@vii=\dimen296
\y@viii=\dimen297
\y@ix=\dimen298
\tuptxtb@x=\box53
\notes@open=\count168
\k@ii=\skip84
\i@ni=\dimen299
\b@xi=\dimen300
\b@zi=\dimen301
\c@xi=\dimen302
\c@zi=\skip85
\d@xi=\dimen303
\d@zi=\skip86
\e@xi=\dimen304
\e@zi=\skip87
\b@pi=\count169
\b@ni=\count170
\n@pi=\count171
\a@si=\count172
\o@si=\count173
\a@ci=\toks48
\o@ci=\toks49
\m@ti=\toks50
\k@iii=\skip88
\i@nii=\dimen305
\b@xii=\dimen306
\b@zii=\dimen307
\c@xii=\dimen308
\c@zii=\skip89
\d@xii=\dimen309
\d@zii=\skip90
\e@xii=\dimen310
\e@zii=\skip91
\b@pii=\count174
\b@nii=\count175
\n@pii=\count176
\a@sii=\count177
\o@sii=\count178
\a@cii=\toks51
\o@cii=\toks52
\m@tii=\toks53
\k@iiii=\skip92
\i@niii=\dimen311
\b@xiii=\dimen312
\b@ziii=\dimen313
\c@xiii=\dimen314
\c@ziii=\skip93
\d@xiii=\dimen315
\d@ziii=\skip94
\e@xiii=\dimen316
\e@ziii=\skip95
\b@piii=\count179
\b@niii=\count180
\n@piii=\count181
\a@siii=\count182
\o@siii=\count183
\a@ciii=\toks54
\o@ciii=\toks55
\m@tiii=\toks56
\k@iiv=\skip96
\i@niv=\dimen317
\b@xiv=\dimen318
\b@ziv=\dimen319
\c@xiv=\dimen320
\c@ziv=\skip97
\d@xiv=\dimen321
\d@ziv=\skip98
\e@xiv=\dimen322
\e@ziv=\skip99
\b@piv=\count184
\b@niv=\count185
\n@piv=\count186
\a@siv=\count187
\o@siv=\count188
\a@civ=\toks57
\o@civ=\toks58
\m@tiv=\toks59
\k@iv=\skip100
\i@nv=\dimen323
\b@xv=\dimen324
\b@zv=\dimen325
\c@xv=\dimen326
\c@zv=\skip101
\d@xv=\dimen327
\d@zv=\skip102
\e@xv=\dimen328
\e@zv=\skip103
\b@pv=\count189
\b@nv=\count190
\n@pv=\count191
\a@sv=\count192
\o@sv=\count193
\a@cv=\toks60
\o@cv=\toks61
\m@tv=\toks62
\k@ivi=\skip104
\i@nvi=\dimen329
\b@xvi=\dimen330
\b@zvi=\dimen331
\c@xvi=\dimen332
\c@zvi=\skip105
\d@xvi=\dimen333
\d@zvi=\skip106
\e@xvi=\dimen334
\e@zvi=\skip107
\b@pvi=\count194
\b@nvi=\count195
\n@pvi=\count196
\a@svi=\count197
\o@svi=\count198
\a@cvi=\toks63
\o@cvi=\toks64
\m@tvi=\toks65
maxinstruments=6
\f@xi=\dimen335
\f@zi=\skip108
\f@xii=\dimen336
\f@zii=\skip109
\f@xiii=\dimen337
\f@ziii=\skip110
\f@xiv=\dimen338
\f@ziv=\skip111
\f@xv=\dimen339
\f@zv=\skip112
\f@xvi=\dimen340
\f@zvi=\skip113
 max128beams=6
\g@bi=\skip114
\g@hi=\skip115
\g@bii=\skip116
\g@hii=\skip117
\g@biii=\skip118
\g@hiii=\skip119
 maxgroups=3
\s@xi=\dimen341
\s@si=\toks66
\s@Yi=\dimen342
\s@ai=\skip120
\s@yi=\count199
\s@Ni=\count266
\s@zi=\count267
\s@di=\toks67
\s@xii=\dimen343
\s@sii=\toks68
\s@Yii=\dimen344
\s@aii=\skip121
\s@yii=\count268
\s@Nii=\count269
\s@zii=\count270
\s@dii=\toks69
\s@xiii=\dimen345
\s@siii=\toks70
\s@Yiii=\dimen346
\s@aiii=\skip122
\s@yiii=\count271
\s@Niii=\count272
\s@ziii=\count273
\s@diii=\toks71
\s@xiv=\dimen347
\s@siv=\toks72
\s@Yiv=\dimen348
\s@aiv=\skip123
\s@yiv=\count274
\s@Niv=\count275
\s@ziv=\count276
\s@div=\toks73
\s@xv=\dimen349
\s@sv=\toks74
\s@Yv=\dimen350
\s@av=\skip124
\s@yv=\count277
\s@Nv=\count278
\s@zv=\count279
\s@dv=\toks75
\s@xvi=\dimen351
\s@svi=\toks76
\s@Yvi=\dimen352
\s@avi=\skip125
\s@yvi=\count280
\s@Nvi=\count281
\s@zvi=\count282
\s@dvi=\toks77
 maxslurs=6
\tr@xi=\skip126
\tr@swi=\toks78
\tr@yi=\skip127
\tr@xii=\skip128
\tr@swii=\toks79
\tr@yii=\skip129
\tr@xiii=\skip130
\tr@swiii=\toks80
\tr@yiii=\skip131
\tr@xiv=\skip132
\tr@swiv=\toks81
\tr@yiv=\skip133
\tr@xv=\skip134
\tr@swv=\toks82
\tr@yv=\skip135
\tr@xvi=\skip136
\tr@swvi=\toks83
\tr@yvi=\skip137
 maxtrills=6
\o@xi=\skip138
\o@yi=\skip139
\o@swi=\toks84
\o@xii=\skip140
\o@yii=\skip141
\o@swii=\toks85
\o@xiii=\skip142
\o@yiii=\skip143
\o@swiii=\toks86
\o@xiv=\skip144
\o@yiv=\skip145
\o@swiv=\toks87
\o@xv=\skip146
\o@yv=\skip147
\o@swv=\toks88
\o@xvi=\skip148
\o@yvi=\skip149
\o@swvi=\toks89

maxoctlines=6
\outmux=\write4
\mulooseness=\count283
\linegoal=\count284
\l@eftrightbox=\box54
\stringraise=\count285
\inmux=\read2
) ("C:\Program Files\MiKTeX 2.9\tex\latex\musixtex\musixltx.tex"
MusiXLaTeX T.125 <8 April 2017>
)) ("C:\Program Files\MiKTeX 2.9\tex\latex\pagenote\pagenote.sty"
Package: pagenote 2009/09/03 v1.1a page/end notes

("C:\Program Files\MiKTeX 2.9\tex\latex\ifmtarg\ifmtarg.sty"
Package: ifmtarg 2018/04/16 v1.2b check for an empty argument
)
\c@pagenote=\count286
\c@pnotesavechap=\count287
)
("C:\Program Files\MiKTeX 2.9\tex\latex\wasysym\wasysym.sty"
Package: wasysym 2003/10/30 v2.0 Wasy-2 symbol support package
\symwasy=\mathgroup4
LaTeX Font Info:    Overwriting symbol font `wasy' in version `bold'
(Font)                  U/wasy/m/n --> U/wasy/b/n on input line 90.
)
("C:\Program Files\MiKTeX 2.9\tex\latex\forest\forest.sty"
Package: forest 2017/07/14 v2.1.5 Drawing (linguistic) trees

("C:\Program Files\MiKTeX 2.9\tex\generic\pgf\frontendlayer\tikz\libraries\tikz
libraryshapes.code.tex"
File: tikzlibraryshapes.code.tex 2008/01/09 v3.0.1a (rcs-revision 1.1)

("C:\Program Files\MiKTeX 2.9\tex\generic\pgf\frontendlayer\tikz\libraries\tikz
libraryshapes.geometric.code.tex"
File: tikzlibraryshapes.geometric.code.tex 2008/01/09 v3.0.1a (rcs-revision 1.1
)

("C:\Program Files\MiKTeX 2.9\tex\generic\pgf\libraries\shapes\pgflibraryshapes
.geometric.code.tex"
File: pgflibraryshapes.geometric.code.tex 2008/06/26 v3.0.1a (rcs-revision 1.1)

))
("C:\Program Files\MiKTeX 2.9\tex\generic\pgf\frontendlayer\tikz\libraries\tikz
libraryshapes.misc.code.tex"
File: tikzlibraryshapes.misc.code.tex 2008/01/09 v3.0.1a (rcs-revision 1.1)

("C:\Program Files\MiKTeX 2.9\tex\generic\pgf\libraries\shapes\pgflibraryshapes
.misc.code.tex"
File: pgflibraryshapes.misc.code.tex 2013/07/18 v3.0.1a (rcs-revision 1.5)
))
("C:\Program Files\MiKTeX 2.9\tex\generic\pgf\frontendlayer\tikz\libraries\tikz
libraryshapes.symbols.code.tex"
File: tikzlibraryshapes.symbols.code.tex 2008/01/09 v3.0.1a (rcs-revision 1.1)

("C:\Program Files\MiKTeX 2.9\tex\generic\pgf\libraries\shapes\pgflibraryshapes
.symbols.code.tex"
File: pgflibraryshapes.symbols.code.tex 2013/09/11 v3.0.1a (rcs-revision 1.6)
))
("C:\Program Files\MiKTeX 2.9\tex\generic\pgf\frontendlayer\tikz\libraries\tikz
libraryshapes.callouts.code.tex"
("C:\Program Files\MiKTeX 2.9\tex\generic\pgf\libraries\shapes\pgflibraryshapes
.callouts.code.tex"))
("C:\Program Files\MiKTeX 2.9\tex\generic\pgf\frontendlayer\tikz\libraries\tikz
libraryshapes.multipart.code.tex"
File: tikzlibraryshapes.multipart.code.tex 2008/01/09 v3.0.1a (rcs-revision 1.1
)

("C:\Program Files\MiKTeX 2.9\tex\generic\pgf\libraries\shapes\pgflibraryshapes
.multipart.code.tex"
File: pgflibraryshapes.multipart.code.tex 2010/01/07 v3.0.1a (rcs-revision 1.2)

\pgfnodepartlowerbox=\box55
\pgfnodeparttwobox=\box56
\pgfnodepartthreebox=\box57
\pgfnodepartfourbox=\box58
\pgfnodeparttwentybox=\box59
\pgfnodepartnineteenbox=\box60
\pgfnodeparteighteenbox=\box61
\pgfnodepartseventeenbox=\box62
\pgfnodepartsixteenbox=\box63
\pgfnodepartfifteenbox=\box64
\pgfnodepartfourteenbox=\box65
\pgfnodepartthirteenbox=\box66
\pgfnodeparttwelvebox=\box67
\pgfnodepartelevenbox=\box68
\pgfnodeparttenbox=\box69
\pgfnodepartninebox=\box70
\pgfnodeparteightbox=\box71
\pgfnodepartsevenbox=\box72
\pgfnodepartsixbox=\box73
\pgfnodepartfivebox=\box74
)))
("C:\Program Files\MiKTeX 2.9\tex\generic\pgf\frontendlayer\tikz\libraries\tikz
libraryfit.code.tex"
File: tikzlibraryfit.code.tex 2013/07/12 v3.0.1a (rcs-revision 1.5)
)
("C:\Program Files\MiKTeX 2.9\tex\generic\pgf\libraries\pgflibraryintersections
.code.tex"
("C:\Program Files\MiKTeX 2.9\tex\generic\pgf\libraries\pgflibraryfpu.code.tex"
)
\pgf@intersect@solutions=\count288
) (C:\Users\Lukasz\AppData\Roaming\MiKTeX\2.9\tex\latex\pgfopts\pgfopts.sty
Package: pgfopts 2014/07/10 v2.1a LaTeX package options with pgfkeys
\pgfopts@list@add@a@toks=\toks90
\pgfopts@list@add@b@toks=\toks91
)
("C:\Program Files\MiKTeX 2.9\tex\latex\etoolbox\etoolbox.sty"
Package: etoolbox 2018/08/19 v2.5f e-TeX tools for LaTeX (JAW)
\etb@tempcnta=\count289
)
("C:\Program Files\MiKTeX 2.9\tex\latex\elocalloc\elocalloc.sty"
Package: elocalloc 2016/12/15 v0.03 local allocation for LaTeX 2015+ (DPC)
)
("C:\Program Files\MiKTeX 2.9\tex\latex\environ\environ.sty"
Package: environ 2014/05/04 v0.3 A new way to define environments

("C:\Program Files\MiKTeX 2.9\tex\latex\trimspaces\trimspaces.sty"
Package: trimspaces 2009/09/17 v1.1 Trim spaces around a token list
))
("C:\Program Files\MiKTeX 2.9\tex\latex\l3packages\xparse\xparse.sty"
("C:\Program Files\MiKTeX 2.9\tex\latex\l3kernel\expl3.sty"
Package: expl3 2018-08-23 L3 programming layer (loader) 

("C:\Program Files\MiKTeX 2.9\tex\latex\l3kernel\expl3-code.tex"
Package: expl3 2018-08-23 L3 programming layer (code)
\c_max_int=\count290
\l_tmpa_int=\count291
\l_tmpb_int=\count292
\g_tmpa_int=\count293
\g_tmpb_int=\count294
\g__kernel_prg_map_int=\count295
\c_log_iow=\count296
\l_iow_line_count_int=\count297
\l__iow_line_target_int=\count298
\l__iow_one_indent_int=\count299
\l__iow_indent_int=\count300
\c_zero_dim=\dimen353
\c_max_dim=\dimen354
\l_tmpa_dim=\dimen355
\l_tmpb_dim=\dimen356
\g_tmpa_dim=\dimen357
\g_tmpb_dim=\dimen358
\c_zero_skip=\skip150
\c_max_skip=\skip151
\l_tmpa_skip=\skip152
\l_tmpb_skip=\skip153
\g_tmpa_skip=\skip154
\g_tmpb_skip=\skip155
\c_zero_muskip=\muskip11
\c_max_muskip=\muskip12
\l_tmpa_muskip=\muskip13
\l_tmpb_muskip=\muskip14
\g_tmpa_muskip=\muskip15
\g_tmpb_muskip=\muskip16
\l_keys_choice_int=\count301
\l__intarray_loop_int=\count302
\c__intarray_sp_dim=\dimen359
\g__intarray_font_int=\count303
\c__fp_leading_shift_int=\count304
\c__fp_middle_shift_int=\count305
\c__fp_trailing_shift_int=\count306
\c__fp_big_leading_shift_int=\count307
\c__fp_big_middle_shift_int=\count308
\c__fp_big_trailing_shift_int=\count309
\c__fp_Bigg_leading_shift_int=\count310
\c__fp_Bigg_middle_shift_int=\count311
\c__fp_Bigg_trailing_shift_int=\count312
\c__kernel_randint_max_int=\count313
\g__fp_array_int=\count314
\l__fp_array_loop_int=\count315
\l__sort_length_int=\count316
\l__sort_min_int=\count317
\l__sort_top_int=\count318
\l__sort_max_int=\count319
\l__sort_true_max_int=\count320
\l__sort_block_int=\count321
\l__sort_begin_int=\count322
\l__sort_end_int=\count323
\l__sort_A_int=\count324
\l__sort_B_int=\count325
\l__sort_C_int=\count326
\l__tl_analysis_normal_int=\count327
\l__tl_analysis_index_int=\count328
\l__tl_analysis_nesting_int=\count329
\l__tl_analysis_type_int=\count330
\l__regex_internal_a_int=\count331
\l__regex_internal_b_int=\count332
\l__regex_internal_c_int=\count333
\l__regex_balance_int=\count334
\l__regex_group_level_int=\count335
\l__regex_mode_int=\count336
\c__regex_cs_in_class_mode_int=\count337
\c__regex_cs_mode_int=\count338
\l__regex_catcodes_int=\count339
\l__regex_default_catcodes_int=\count340
\c__regex_catcode_D_int=\count341
\c__regex_catcode_S_int=\count342
\c__regex_catcode_L_int=\count343
\c__regex_catcode_O_int=\count344
\c__regex_catcode_A_int=\count345
\c__regex_all_catcodes_int=\count346
\l__regex_show_lines_int=\count347
\l__regex_min_state_int=\count348
\l__regex_max_state_int=\count349
\l__regex_left_state_int=\count350
\l__regex_right_state_int=\count351
\l__regex_capturing_group_int=\count352
\l__regex_min_pos_int=\count353
\l__regex_max_pos_int=\count354
\l__regex_curr_pos_int=\count355
\l__regex_start_pos_int=\count356
\l__regex_success_pos_int=\count357
\l__regex_curr_char_int=\count358
\l__regex_curr_catcode_int=\count359
\l__regex_last_char_int=\count360
\l__regex_case_changed_char_int=\count361
\l__regex_curr_state_int=\count362
\l__regex_step_int=\count363
\l__regex_min_active_int=\count364
\l__regex_max_active_int=\count365
\l__regex_replacement_csnames_int=\count366
\l__regex_match_count_int=\count367
\l__regex_min_submatch_int=\count368
\l__regex_submatch_int=\count369
\l__regex_zeroth_submatch_int=\count370
\g__regex_trace_regex_int=\count371
\c_empty_box=\box75
\l_tmpa_box=\box76
\l_tmpb_box=\box77
\g_tmpa_box=\box78
\g_tmpb_box=\box79
\l__box_top_dim=\dimen360
\l__box_bottom_dim=\dimen361
\l__box_left_dim=\dimen362
\l__box_right_dim=\dimen363
\l__box_top_new_dim=\dimen364
\l__box_bottom_new_dim=\dimen365
\l__box_left_new_dim=\dimen366
\l__box_right_new_dim=\dimen367
\l__box_internal_box=\box80
\l__coffin_internal_box=\box81
\l__coffin_internal_dim=\dimen368
\l__coffin_offset_x_dim=\dimen369
\l__coffin_offset_y_dim=\dimen370
\l__coffin_x_dim=\dimen371
\l__coffin_y_dim=\dimen372
\l__coffin_x_prime_dim=\dimen373
\l__coffin_y_prime_dim=\dimen374
\c_empty_coffin=\box82
\l__coffin_aligned_coffin=\box83
\l__coffin_aligned_internal_coffin=\box84
\l_tmpa_coffin=\box85
\l_tmpb_coffin=\box86
\l__coffin_display_coffin=\box87
\l__coffin_display_coord_coffin=\box88
\l__coffin_display_pole_coffin=\box89
\l__coffin_display_offset_dim=\dimen375
\l__coffin_display_x_dim=\dimen376
\l__coffin_display_y_dim=\dimen377
\g__file_internal_ior=\read3
\l__coffin_bounding_shift_dim=\dimen378
\l__coffin_left_corner_dim=\dimen379
\l__coffin_right_corner_dim=\dimen380
\l__coffin_bottom_corner_dim=\dimen381
\l__coffin_top_corner_dim=\dimen382
\l__coffin_scaled_total_height_dim=\dimen383
\l__coffin_scaled_width_dim=\dimen384
\l__seq_internal_a_int=\count372
\l__seq_internal_b_int=\count373
)
("C:\Program Files\MiKTeX 2.9\tex\latex\l3kernel\l3pdfmode.def"
File: l3pdfmode.def 2018-08-23 v L3 Experimental driver: PDF mode
\l__driver_color_stack_int=\count374
))
Package: xparse 2018-08-23 L3 Experimental document command parser
\l__xparse_current_arg_int=\count375
\g__xparse_grabber_int=\count376
\l__xparse_m_args_int=\count377
\l__xparse_mandatory_args_int=\count378
\l__xparse_v_nesting_int=\count379
)
("C:\Program Files\MiKTeX 2.9\tex\latex\inlinedef\inlinedef.sty"
Package: inlinedef 2008/07/10 v1.0 Inlined expansions within definitions
\ID@toks=\toks92
\ID@count=\count380
)
\ID@usercommands=\toks93
.................................................
. LaTeX info: "xparse/define-command"
. 
. Defining command \useforestlibrary with sig. 's O{} m' on line 166.
.................................................
.................................................
. LaTeX info: "xparse/define-command"
. 
. Defining command \ProvidesForestLibrary with sig. 'm O{}' on line 176.
.................................................
\safeloop@depth=\count381
\safeRKloop@depth=\count382
\forest@temp@dimen=\dimen385
\forest@temp@count=\count383
\forest@n=\count384
\forest@temp@global@count=\count385
\forest@temp@toks=\toks94
\forest@temparray@M=\count386
\forest@temparray@N=\count387
\forest@global@temparray@M=\count388
\forest@global@temparray@N=\count389
\forest@isnum@count=\count390
\forest@isdim@nonintpart=\count391
\forest@isdim@dimen=\dimen386
\forest@sort@m=\count392
\forest@sort@k=\count393
\forest@sort@p=\count394
\bracket@content=\toks95
\bracket@afterthought=\toks96
\forest@node@maxid=\count395
.................................................
. LaTeX info: "xparse/define-command"
. 
. Defining command \forestdebugtypeouttrees with sig. 'o' on line 2303.
.................................................
.................................................
. LaTeX info: "xparse/define-command"
. 
. Defining command \forestdebugtypeouttree with sig. 'd() O{\forest@cn }' on
. line 2348.
.................................................
\forest@process@left@M=\count396
\forest@process@left@N=\count397
\forest@process@right@M=\count398
\forest@process@right@N=\count399
\forest@process@saved@M=\count400
\forest@process@saved@N=\count401
\forest@process@result@M=\count402
\forest@process@result@N=\count403
\forest@process@n=\count404
\forest@nodewalk@branch@toks=\toks97
\forest@nodewalk@shortsteps@resolution=\toks98
\forest@do@dynamics=\toks99
\forest@box=\box90
\forest@xg=\dimen387
\forest@yg=\dimen388
\forest@xs=\dimen389
\forest@ys=\dimen390
\forest@pi@toks=\toks100
\forest@segment@toks=\toks101
\forest@PIi@toks=\toks102
\forest@PIii@toks=\toks103
\forest@copy@in=\read4
\forest@copy@out=\write5
.................................................
. LaTeX info: "xparse/define-environment"
. 
. Defining environment 'forest' with sig. 'D(){}' on line 8510.
.................................................
.................................................
. LaTeX info: "xparse/define-command"
. 
. Defining command \Forest with sig. 's D(){} m' on line 8515.
.................................................
\forest@externalize@max@outer@n=\count405
\forest@externalize@inner@n=\count406
)
("C:\Program Files\MiKTeX 2.9\tex\latex\forest\forest-lib-linguistics.sty"
Package: forest-lib-linguistics 2017/07/14 v0.1.2
\standardnodestrutbox=\box91
)
(C:\Users\Lukasz\AppData\Roaming\MiKTeX\2.9\tex\latex\harmony\harmony.sty
Package: harmony 2007/05/04

("C:\Program Files\MiKTeX 2.9\tex\latex\base\ifthen.sty"
Package: ifthen 2014/09/29 v1.1c Standard LaTeX ifthen package (DPC)
)
("C:\Program Files\MiKTeX 2.9\tex\latex\amsfonts\amssymb.sty"
Package: amssymb 2013/01/14 v3.01 AMS font symbols

("C:\Program Files\MiKTeX 2.9\tex\latex\amsfonts\amsfonts.sty"
Package: amsfonts 2013/01/14 v3.01 Basic AMSFonts support
\symAMSa=\mathgroup5
\symAMSb=\mathgroup6
LaTeX Font Info:    Overwriting math alphabet `\mathfrak' in version `bold'
(Font)                  U/euf/m/n --> U/euf/b/n on input line 106.
))
\tmpdima=\dimen391
\tmpdimb=\dimen392
\tmpdimc=\dimen393
\tmpdimd=\dimen394
\tmpdime=\dimen395
\nbxa=\box92
\nbxb=\box93
\nbxc=\box94
\nbxd=\box95
\nbxe=\box96
\nbxf=\box97
\nbxg=\box98
\nbxh=\box99
\nbxi=\box100
)
("C:\Program Files\MiKTeX 2.9\tex\latex\appendix\appendix.sty"
Package: appendix 2009/09/02 v1.2b extra appendix facilities
\c@@pps=\count407
\c@@ppsavesec=\count408
\c@@ppsaveapp=\count409
)
("C:\Program Files\MiKTeX 2.9\tex\latex\base\textcomp.sty"
Package: textcomp 2017/04/05 v2.0i Standard LaTeX package
Package textcomp Info: Sub-encoding information:
(textcomp)               5 = only ISO-Adobe without \textcurrency
(textcomp)               4 = 5 + \texteuro
(textcomp)               3 = 4 + \textohm
(textcomp)               2 = 3 + \textestimated + \textcurrency
(textcomp)               1 = TS1 - \textcircled - \t
(textcomp)               0 = TS1 (full)
(textcomp)             Font families with sub-encoding setting implement
(textcomp)             only a restricted character set as indicated.
(textcomp)             Family '?' is the default used for unknown fonts.
(textcomp)             See the documentation for details.
Package textcomp Info: Setting ? sub-encoding to TS1/1 on input line 79.

("C:\Program Files\MiKTeX 2.9\tex\latex\base\ts1enc.def"
File: ts1enc.def 2001/06/05 v3.0e (jk/car/fm) Standard LaTeX file
Now handling font encoding TS1 ...
... processing UTF-8 mapping file for font encoding TS1

("C:\Program Files\MiKTeX 2.9\tex\latex\base\ts1enc.dfu"
File: ts1enc.dfu 2018/04/05 v1.2c UTF-8 support for inputenc

! Missing number, treated as zero.
<to be read again> 
                   F
l.115 ...icodeCharacter{FEFF}{\ifhmode\nobreak\fi}
                                                  
A number should have been here; I inserted `0'.
(If you can't figure out why I needed to see a number,
look up `weird error' in the index to The TeXbook.)

! Missing number, treated as zero.
<to be read again> 
                   F
l.115 ...icodeCharacter{FEFF}{\ifhmode\nobreak\fi}
                                                  
A number should have been here; I inserted `0'.
(If you can't figure out why I needed to see a number,
look up `weird error' in the index to The TeXbook.)

! Missing number, treated as zero.
<to be read again> 
                   F
l.115 ...icodeCharacter{FEFF}{\ifhmode\nobreak\fi}
                                                  
A number should have been here; I inserted `0'.
(If you can't figure out why I needed to see a number,
look up `weird error' in the index to The TeXbook.)

! Missing number, treated as zero.
<to be read again> 
                   F
l.115 ...icodeCharacter{FEFF}{\ifhmode\nobreak\fi}
                                                  
A number should have been here; I inserted `0'.
(If you can't figure out why I needed to see a number,
look up `weird error' in the index to The TeXbook.)

! Missing number, treated as zero.
<to be read again> 
                   F
l.115 ...icodeCharacter{FEFF}{\ifhmode\nobreak\fi}
                                                  
A number should have been here; I inserted `0'.
(If you can't figure out why I needed to see a number,
look up `weird error' in the index to The TeXbook.)

))
LaTeX Info: Redefining \oldstylenums on input line 334.
Package textcomp Info: Setting cmr sub-encoding to TS1/0 on input line 349.
Package textcomp Info: Setting cmss sub-encoding to TS1/0 on input line 350.
Package textcomp Info: Setting cmtt sub-encoding to TS1/0 on input line 351.
Package textcomp Info: Setting cmvtt sub-encoding to TS1/0 on input line 352.
Package textcomp Info: Setting cmbr sub-encoding to TS1/0 on input line 353.
Package textcomp Info: Setting cmtl sub-encoding to TS1/0 on input line 354.
Package textcomp Info: Setting ccr sub-encoding to TS1/0 on input line 355.
Package textcomp Info: Setting ptm sub-encoding to TS1/4 on input line 356.
Package textcomp Info: Setting pcr sub-encoding to TS1/4 on input line 357.
Package textcomp Info: Setting phv sub-encoding to TS1/4 on input line 358.
Package textcomp Info: Setting ppl sub-encoding to TS1/3 on input line 359.
Package textcomp Info: Setting pag sub-encoding to TS1/4 on input line 360.
Package textcomp Info: Setting pbk sub-encoding to TS1/4 on input line 361.
Package textcomp Info: Setting pnc sub-encoding to TS1/4 on input line 362.
Package textcomp Info: Setting pzc sub-encoding to TS1/4 on input line 363.
Package textcomp Info: Setting bch sub-encoding to TS1/4 on input line 364.
Package textcomp Info: Setting put sub-encoding to TS1/5 on input line 365.
Package textcomp Info: Setting uag sub-encoding to TS1/5 on input line 366.
Package textcomp Info: Setting ugq sub-encoding to TS1/5 on input line 367.
Package textcomp Info: Setting ul8 sub-encoding to TS1/4 on input line 368.
Package textcomp Info: Setting ul9 sub-encoding to TS1/4 on input line 369.
Package textcomp Info: Setting augie sub-encoding to TS1/5 on input line 370.
Package textcomp Info: Setting dayrom sub-encoding to TS1/3 on input line 371.
Package textcomp Info: Setting dayroms sub-encoding to TS1/3 on input line 372.

Package textcomp Info: Setting pxr sub-encoding to TS1/0 on input line 373.
Package textcomp Info: Setting pxss sub-encoding to TS1/0 on input line 374.
Package textcomp Info: Setting pxtt sub-encoding to TS1/0 on input line 375.
Package textcomp Info: Setting txr sub-encoding to TS1/0 on input line 376.
Package textcomp Info: Setting txss sub-encoding to TS1/0 on input line 377.
Package textcomp Info: Setting txtt sub-encoding to TS1/0 on input line 378.
Package textcomp Info: Setting lmr sub-encoding to TS1/0 on input line 379.
Package textcomp Info: Setting lmdh sub-encoding to TS1/0 on input line 380.
Package textcomp Info: Setting lmss sub-encoding to TS1/0 on input line 381.
Package textcomp Info: Setting lmssq sub-encoding to TS1/0 on input line 382.
Package textcomp Info: Setting lmvtt sub-encoding to TS1/0 on input line 383.
Package textcomp Info: Setting lmtt sub-encoding to TS1/0 on input line 384.
Package textcomp Info: Setting qhv sub-encoding to TS1/0 on input line 385.
Package textcomp Info: Setting qag sub-encoding to TS1/0 on input line 386.
Package textcomp Info: Setting qbk sub-encoding to TS1/0 on input line 387.
Package textcomp Info: Setting qcr sub-encoding to TS1/0 on input line 388.
Package textcomp Info: Setting qcs sub-encoding to TS1/0 on input line 389.
Package textcomp Info: Setting qpl sub-encoding to TS1/0 on input line 390.
Package textcomp Info: Setting qtm sub-encoding to TS1/0 on input line 391.
Package textcomp Info: Setting qzc sub-encoding to TS1/0 on input line 392.
Package textcomp Info: Setting qhvc sub-encoding to TS1/0 on input line 393.
Package textcomp Info: Setting futs sub-encoding to TS1/4 on input line 394.
Package textcomp Info: Setting futx sub-encoding to TS1/4 on input line 395.
Package textcomp Info: Setting futj sub-encoding to TS1/4 on input line 396.
Package textcomp Info: Setting hlh sub-encoding to TS1/3 on input line 397.
Package textcomp Info: Setting hls sub-encoding to TS1/3 on input line 398.
Package textcomp Info: Setting hlst sub-encoding to TS1/3 on input line 399.
Package textcomp Info: Setting hlct sub-encoding to TS1/5 on input line 400.
Package textcomp Info: Setting hlx sub-encoding to TS1/5 on input line 401.
Package textcomp Info: Setting hlce sub-encoding to TS1/5 on input line 402.
Package textcomp Info: Setting hlcn sub-encoding to TS1/5 on input line 403.
Package textcomp Info: Setting hlcw sub-encoding to TS1/5 on input line 404.
Package textcomp Info: Setting hlcf sub-encoding to TS1/5 on input line 405.
Package textcomp Info: Setting pplx sub-encoding to TS1/3 on input line 406.
Package textcomp Info: Setting pplj sub-encoding to TS1/3 on input line 407.
Package textcomp Info: Setting ptmx sub-encoding to TS1/4 on input line 408.
Package textcomp Info: Setting ptmj sub-encoding to TS1/4 on input line 409.
) ("C:\Program Files\MiKTeX 2.9\tex\latex\ulem\ulem.sty"
\UL@box=\box101
\UL@hyphenbox=\box102
\UL@skip=\skip156
\UL@hook=\toks104
\UL@height=\dimen396
\UL@pe=\count410
\UL@pixel=\dimen397
\ULC@box=\box103
Package: ulem 2012/05/18
\ULdepth=\dimen398
)
("C:\Program Files\MiKTeX 2.9\tex\latex\musicography\musicography.sty"
Package: musicography 2018/05/21 Symbols for music writing with pdflatex
.................................................
. LaTeX info: "xparse/define-command"
. 
. Defining command \musNumFont with sig. '' on line 48.
.................................................
.................................................
. LaTeX info: "xparse/define-command"
. 
. Defining command \musSymbol with sig. ' O{\musFont } m m m m ' on line 59.
.................................................
.................................................
. LaTeX info: "xparse/define-command"
. 
. Defining command \musAccidental with sig. ' m ' on line 65.
.................................................
.................................................
. LaTeX info: "xparse/define-command"
. 
. Defining command \musFlat with sig. '' on line 66.
.................................................
.................................................
. LaTeX info: "xparse/define-command"
. 
. Defining command \musDoubleFlat with sig. '' on line 67.
.................................................
.................................................
. LaTeX info: "xparse/define-command"
. 
. Defining command \musSharp with sig. '' on line 68.
.................................................
.................................................
. LaTeX info: "xparse/define-command"
. 
. Defining command \musDoubleSharp with sig. '' on line 69.
.................................................
.................................................
. LaTeX info: "xparse/define-command"
. 
. Defining command \musNatural with sig. '' on line 70.
.................................................


!!!!!!!!!!!!!!!!!!!!!!!!!!!!!!!!!!!!!!!!!!!!!!!!
!
! LaTeX error: "xparse/command-already-defined"
! 
! Command '\fl' already defined!
! 
! See the LaTeX3 documentation for further information.
! 
! For immediate help type H <return>.
!...............................................  
                                                  
l.83 }
      
|'''''''''''''''''''''''''''''''''''''''''''''''
| You have used \NewDocumentCommand with a command that already has a
| definition.
| The existing definition of '\fl' will not be altered.
|...............................................


!!!!!!!!!!!!!!!!!!!!!!!!!!!!!!!!!!!!!!!!!!!!!!!!
!
! LaTeX error: "xparse/command-already-defined"
! 
! Command '\sh' already defined!
! 
! See the LaTeX3 documentation for further information.
! 
! For immediate help type H <return>.
!...............................................  
                                                  
l.83 }
      
|'''''''''''''''''''''''''''''''''''''''''''''''
| You have used \NewDocumentCommand with a command that already has a
| definition.
| The existing definition of '\sh' will not be altered.
|...............................................


!!!!!!!!!!!!!!!!!!!!!!!!!!!!!!!!!!!!!!!!!!!!!!!!
!
! LaTeX error: "xparse/command-already-defined"
! 
! Command '\na' already defined!
! 
! See the LaTeX3 documentation for further information.
! 
! For immediate help type H <return>.
!...............................................  
                                                  
l.83 }
      
|'''''''''''''''''''''''''''''''''''''''''''''''
| You have used \NewDocumentCommand with a command that already has a
| definition.
| The existing definition of '\na' will not be altered.
|...............................................

.................................................
. LaTeX info: "xparse/define-command"
. 
. Defining command \musStemmedNote with sig. ' m ' on line 88.
.................................................
.................................................
. LaTeX info: "xparse/define-command"
. 
. Defining command \musFlaggedNote with sig. ' m m ' on line 96.
.................................................
.................................................
. LaTeX info: "xparse/define-command"
. 
. Defining command \musDottedNote with sig. ' m ' on line 100.
.................................................
.................................................
. LaTeX info: "xparse/define-command"
. 
. Defining command \musStem with sig. '' on line 104.
.................................................
.................................................
. LaTeX info: "xparse/define-command"
. 
. Defining command \musSegno with sig. '' on line 107.
.................................................
.................................................
. LaTeX info: "xparse/define-command"
. 
. Defining command \musDot with sig. '' on line 110.
.................................................
.................................................
. LaTeX info: "xparse/define-command"
. 
. Defining command \musWhole with sig. '' on line 114.
.................................................
.................................................
. LaTeX info: "xparse/define-command"
. 
. Defining command \musHalf with sig. '' on line 117.
.................................................
.................................................
. LaTeX info: "xparse/define-command"
. 
. Defining command \musQuarter with sig. '' on line 120.
.................................................
.................................................
. LaTeX info: "xparse/define-command"
. 
. Defining command \musEighth with sig. '' on line 123.
.................................................
.................................................
. LaTeX info: "xparse/define-command"
. 
. Defining command \musSixteenth with sig. '' on line 126.
.................................................
.................................................
. LaTeX info: "xparse/define-command"
. 
. Defining command \musWholeDotted with sig. '' on line 130.
.................................................
.................................................
. LaTeX info: "xparse/define-command"
. 
. Defining command \musHalfDotted with sig. '' on line 133.
.................................................
.................................................
. LaTeX info: "xparse/define-command"
. 
. Defining command \musQuarterDotted with sig. '' on line 136.
.................................................
.................................................
. LaTeX info: "xparse/define-command"
. 
. Defining command \musEighthDotted with sig. '' on line 139.
.................................................
.................................................
. LaTeX info: "xparse/define-command"
. 
. Defining command \musSixteenthDotted with sig. '' on line 142.
.................................................
\tmpdima=\dimen399
\tmpdimb=\dimen400
\tmpdimc=\dimen401
\tmpdimd=\dimen402
\tmpdime=\dimen403
\nbxa=\box104
\nbxb=\box105
\nbxc=\box106
\nbxd=\box107
\nbxe=\box108
\nbxf=\box109
\nbxg=\box110
\nbxh=\box111
\nbxi=\box112
.................................................
. LaTeX info: "xparse/define-command"
. 
. Defining command \musStack with sig. ' m m ' on line 180.
.................................................
.................................................
. LaTeX info: "xparse/define-command"
. 
. Defining command \musSymbolMeter with sig. ' m ' on line 188.
.................................................
.................................................
. LaTeX info: "xparse/define-command"
. 
. Defining command \meterCplus with sig. ' m ' on line 190.
.................................................
.................................................
. LaTeX info: "xparse/define-command"
. 
. Defining command \musMeter with sig. ' m m ' on line 197.
.................................................
.................................................
. LaTeX info: "xparse/define-command"
. 
. Defining command \musFigures with sig. '' on line 199.
.................................................

!!!!!!!!!!!!!!!!!!!!!!!!!!!!!!!!!!!!!!!!!!!!!!!!
!
! LaTeX error: "xparse/command-already-defined"
! 
! Command '\meterC' already defined!
! 
! See the LaTeX3 documentation for further information.
! 
! For immediate help type H <return>.
!...............................................  
                                                  
l.203 }
       
|'''''''''''''''''''''''''''''''''''''''''''''''
| You have used \NewDocumentCommand with a command that already has a
| definition.
| The existing definition of '\meterC' will not be altered.
|...............................................

.................................................
. LaTeX info: "xparse/define-command"
. 
. Defining command \meterCutC with sig. '' on line 206.
.................................................
.................................................
. LaTeX info: "xparse/define-command"
. 
. Defining command \meterCThree with sig. '' on line 210.
.................................................
.................................................
. LaTeX info: "xparse/define-command"
. 
. Defining command \meterCThreeTwo with sig. '' on line 213.
.................................................
.................................................
. LaTeX info: "xparse/define-command"
. 
. Defining command \meterCZ with sig. '' on line 217.
.................................................
.................................................
. LaTeX info: "xparse/define-command"
. 
. Defining command \musSemibreve with sig. '' on line 220.
.................................................
.................................................
. LaTeX info: "xparse/define-command"
. 
. Defining command \musMinim with sig. '' on line 221.
.................................................
.................................................
. LaTeX info: "xparse/define-command"
. 
. Defining command \musSemiminim with sig. '' on line 222.
.................................................
.................................................
. LaTeX info: "xparse/define-command"
. 
. Defining command \musCorchea with sig. '' on line 223.
.................................................
.................................................
. LaTeX info: "xparse/define-command"
. 
. Defining command \musSemibreveDotted with sig. '' on line 224.
.................................................
.................................................
. LaTeX info: "xparse/define-command"
. 
. Defining command \musMinimDotted with sig. '' on line 225.
.................................................
.................................................
. LaTeX info: "xparse/define-command"
. 
. Defining command \musSeminiminimDotted with sig. '' on line 226.
.................................................
.................................................
. LaTeX info: "xparse/define-command"
. 
. Defining command \musCorcheaDotted with sig. '' on line 227.
.................................................
) ("C:\Program Files\MiKTeX 2.9\tex\latex\amscls\amsthm.sty"
Package: amsthm 2017/10/31 v2.20.4
\thm@style=\toks105
\thm@bodyfont=\toks106
\thm@headfont=\toks107
\thm@notefont=\toks108
\thm@headpunct=\toks109
\thm@preskip=\skip157
\thm@postskip=\skip158
\thm@headsep=\skip159
\dth@everypar=\toks110
)
("C:\Program Files\MiKTeX 2.9\tex\latex\chngcntr\chngcntr.sty"
Package: chngcntr 2018/04/09 v1.1a change counter resetting
Package chngcntr Info: \counterwithout already defined.
(chngcntr)             Quitting chngcntr on input line 21.
)
("C:\Program Files\MiKTeX 2.9\tex\latex\listings\lstlang1.sty"
File: lstlang1.sty 2015/06/04 1.6 listings language file
)
\c@przyklad=\count411
\c@definicja=\count412
\c@pojecie=\count413
\c@twierdzenie=\count414
\c@defi=\count415
\c@ex=\count416
\c@fact=\count417
\c@prof=\count418

("C:\Program Files\MiKTeX 2.9\tex\generic\pgf\frontendlayer\tikz\libraries\tikz
librarypositioning.code.tex"
File: tikzlibrarypositioning.code.tex 2008/10/06 v3.0.1a (rcs-revision 1.7)
)
("C:\Program Files\MiKTeX 2.9\tex\generic\pgf\frontendlayer\tikz\libraries\tikz
libraryautomata.code.tex"
File: tikzlibraryautomata.code.tex 2008/07/14 v3.0.1a (rcs-revision 1.3)
)
\@notefile=\write6
\openout6 = `main.ent'.


Writing note file main.ent
(main.aux

LaTeX Warning: Label `citekey' multiply defined.


LaTeX Warning: Label `citekey' multiply defined.


LaTeX Warning: Label `citekey' multiply defined.


LaTeX Warning: Label `citekey' multiply defined.


LaTeX Warning: Label `citekey' multiply defined.


LaTeX Warning: Label `citekey' multiply defined.


LaTeX Warning: Label `citekey' multiply defined.


LaTeX Warning: Label `citekey' multiply defined.


LaTeX Warning: Label `citekey' multiply defined.


LaTeX Warning: Label `citekey' multiply defined.


LaTeX Warning: Label `citekey' multiply defined.


LaTeX Warning: Label `citekey' multiply defined.


LaTeX Warning: Label `citekey' multiply defined.


LaTeX Warning: Label `citekey' multiply defined.


LaTeX Warning: Label `citekey' multiply defined.


LaTeX Warning: Label `citekey' multiply defined.


LaTeX Warning: Label `citekey' multiply defined.


LaTeX Warning: Label `citekey' multiply defined.


LaTeX Warning: Label `citekey' multiply defined.


LaTeX Warning: Label `citekey' multiply defined.


LaTeX Warning: Label `citekey' multiply defined.


LaTeX Warning: Label `citekey' multiply defined.


LaTeX Warning: Label `citekey' multiply defined.


LaTeX Warning: Label `citekey' multiply defined.


LaTeX Warning: Label `citekey' multiply defined.


LaTeX Warning: Label `citekey' multiply defined.


LaTeX Warning: Label `citekey' multiply defined.

)
\openout1 = `main.aux'.

LaTeX Font Info:    Checking defaults for OML/cmm/m/it on input line 94.
LaTeX Font Info:    ... okay on input line 94.
LaTeX Font Info:    Checking defaults for T1/cmr/m/n on input line 94.
LaTeX Font Info:    ... okay on input line 94.
LaTeX Font Info:    Checking defaults for OT1/cmr/m/n on input line 94.
LaTeX Font Info:    ... okay on input line 94.
LaTeX Font Info:    Checking defaults for OMS/cmsy/m/n on input line 94.
LaTeX Font Info:    ... okay on input line 94.
LaTeX Font Info:    Checking defaults for OMX/cmex/m/n on input line 94.
LaTeX Font Info:    ... okay on input line 94.
LaTeX Font Info:    Checking defaults for U/cmr/m/n on input line 94.
LaTeX Font Info:    ... okay on input line 94.
LaTeX Font Info:    Checking defaults for OT4/cmr/m/n on input line 94.
LaTeX Font Info:    ... okay on input line 94.
LaTeX Font Info:    Checking defaults for TS1/cmr/m/n on input line 94.
LaTeX Font Info:    Try loading font information for TS1+cmr on input line 94.
 ("C:\Program Files\MiKTeX 2.9\tex\latex\base\ts1cmr.fd"
File: ts1cmr.fd 2014/09/29 v2.5h Standard LaTeX font definitions
)
LaTeX Font Info:    ... okay on input line 94.

*geometry* driver: auto-detecting
*geometry* detected driver: pdftex
*geometry* verbose mode - [ preamble ] result:
* driver: pdftex
* paper: <default>
* layout: <same size as paper>
* layoutoffset:(h,v)=(0.0pt,0.0pt)
* modes: twoside 
* h-part:(L,W,R)=(71.13188pt, 472.03123pt, 71.13188pt)
* v-part:(T,H,B)=(95.39737pt, 556.47656pt, 143.09605pt)
* \paperwidth=614.295pt
* \paperheight=794.96999pt
* \textwidth=472.03123pt
* \textheight=556.47656pt
* \oddsidemargin=-1.1381pt
* \evensidemargin=-1.1381pt
* \topmargin=-6.94011pt
* \headheight=12.0pt
* \headsep=18.06749pt
* \topskip=10.0pt
* \footskip=25.29494pt
* \marginparwidth=125.0pt
* \marginparsep=7.0pt
* \columnsep=10.0pt
* \skip\footins=9.0pt plus 4.0pt minus 2.0pt
* \hoffset=0.0pt
* \voffset=0.0pt
* \mag=1000
* \@twocolumnfalse
* \@twosidetrue
* \@mparswitchtrue
* \@reversemarginfalse
* (1in=72.27pt=25.4mm, 1cm=28.453pt)

("C:\Program Files\MiKTeX 2.9\tex\context\base\supp-pdf.mkii"
[Loading MPS to PDF converter (version 2006.09.02).]
\scratchcounter=\count419
\scratchdimen=\dimen404
\scratchbox=\box113
\nofMPsegments=\count420
\nofMParguments=\count421
\everyMPshowfont=\toks111
\MPscratchCnt=\count422
\MPscratchDim=\dimen405
\MPnumerator=\count423
\makeMPintoPDFobject=\count424
\everyMPtoPDFconversion=\toks112
) ("C:\Program Files\MiKTeX 2.9\tex\latex\oberdiek\epstopdf-base.sty"
Package: epstopdf-base 2016/05/15 v2.6 Base part for package epstopdf

("C:\Program Files\MiKTeX 2.9\tex\generic\oberdiek\infwarerr.sty"
Package: infwarerr 2016/05/16 v1.4 Providing info/warning/error messages (HO)
)
("C:\Program Files\MiKTeX 2.9\tex\latex\oberdiek\grfext.sty"
Package: grfext 2016/05/16 v1.2 Manage graphics extensions (HO)

("C:\Program Files\MiKTeX 2.9\tex\generic\oberdiek\kvdefinekeys.sty"
Package: kvdefinekeys 2016/05/16 v1.4 Define keys (HO)

("C:\Program Files\MiKTeX 2.9\tex\generic\oberdiek\ltxcmds.sty"
Package: ltxcmds 2016/05/16 v1.23 LaTeX kernel commands for general use (HO)
)))
("C:\Program Files\MiKTeX 2.9\tex\latex\oberdiek\kvoptions.sty"
Package: kvoptions 2016/05/16 v3.12 Key value format for package options (HO)

("C:\Program Files\MiKTeX 2.9\tex\generic\oberdiek\kvsetkeys.sty"
Package: kvsetkeys 2016/05/16 v1.17 Key value parser (HO)

("C:\Program Files\MiKTeX 2.9\tex\generic\oberdiek\etexcmds.sty"
Package: etexcmds 2016/05/16 v1.6 Avoid name clashes with e-TeX commands (HO)

("C:\Program Files\MiKTeX 2.9\tex\generic\oberdiek\ifluatex.sty"
Package: ifluatex 2016/05/16 v1.4 Provides the ifluatex switch (HO)
Package ifluatex Info: LuaTeX not detected.
)
Package etexcmds Info: Could not find \expanded.
(etexcmds)             That can mean that you are not using pdfTeX 1.50 or
(etexcmds)             that some package has redefined \expanded.
(etexcmds)             In the latter case, load this package earlier.
)))
("C:\Program Files\MiKTeX 2.9\tex\generic\oberdiek\pdftexcmds.sty"
Package: pdftexcmds 2018/01/30 v0.27 Utility functions of pdfTeX for LuaTeX (HO
)
Package pdftexcmds Info: LuaTeX not detected.
Package pdftexcmds Info: \pdf@primitive is available.
Package pdftexcmds Info: \pdf@ifprimitive is available.
Package pdftexcmds Info: \pdfdraftmode found.
)
Package epstopdf-base Info: Redefining graphics rule for `.eps' on input line 4
38.
Package grfext Info: Graphics extension search list:
(grfext)             [.pdf,.png,.jpg,.mps,.jpeg,.jbig2,.jb2,.PDF,.PNG,.JPG,.JPE
G,.JBIG2,.JB2,.eps]
(grfext)             \AppendGraphicsExtensions on input line 456.
)
Package caption Info: Begin \AtBeginDocument code.
Package caption Info: float package is loaded.
Package caption Info: listings package is loaded.
Package caption Info: End \AtBeginDocument code.

ABD: EveryShipout initializing macros ABD: EverySelectfont initializing macros
LaTeX Info: Redefining \selectfont on input line 94.
\c@lstlisting=\count425

("C:\Program Files\MiKTeX 2.9\tex\latex\ucs\ucsencs.def"
File: ucsencs.def 2011/01/21 Fixes to fontencodings LGR, T3
)
\openout4 = `main.mx1'.


Underfull \hbox (badness 10000) in paragraph at lines 115--118


\hbox(0.0+0.0)x170.71652 []


Underfull \hbox (badness 10000) in paragraph at lines 115--118


\hbox(0.0+0.0)x170.71652 []

LaTeX Font Info:    Try loading font information for OML+plm on input line 118.

("C:\Program Files\MiKTeX 2.9\tex\latex\polski\omlplm.fd"
File: omlplm.fd 2008/02/24 v1.2.1 Font defs for fonts PL (MW)
)
LaTeX Font Info:    Try loading font information for OMS+plsy on input line 118
.

("C:\Program Files\MiKTeX 2.9\tex\latex\polski\omsplsy.fd"
File: omsplsy.fd 2008/02/24 v1.2.1 Font defs for fonts PL (MW)
)
LaTeX Font Info:    Try loading font information for OMX+plex on input line 118
.

("C:\Program Files\MiKTeX 2.9\tex\latex\polski\omxplex.fd"
File: omxplex.fd 2008/02/24 v1.2.1 Font defs for fonts PL (MW)
)
LaTeX Font Info:    External font `plex10' loaded for size
(Font)              <10> on input line 118.
LaTeX Font Info:    External font `plex10' loaded for size
(Font)              <7> on input line 118.
LaTeX Font Info:    External font `plex10' loaded for size
(Font)              <5> on input line 118.
LaTeX Font Info:    Try loading font information for U+wasy on input line 118.

("C:\Program Files\MiKTeX 2.9\tex\latex\wasysym\uwasy.fd"
File: uwasy.fd 2003/10/30 v2.0 Wasy-2 symbol font definitions
)
LaTeX Font Info:    Try loading font information for U+msa on input line 118.

("C:\Program Files\MiKTeX 2.9\tex\latex\amsfonts\umsa.fd"
File: umsa.fd 2013/01/14 v3.01 AMS symbols A
)
LaTeX Font Info:    Try loading font information for U+msb on input line 118.

("C:\Program Files\MiKTeX 2.9\tex\latex\amsfonts\umsb.fd"
File: umsb.fd 2013/01/14 v3.01 AMS symbols B
) [1


{C:/Users/Lukasz/AppData/Local/MiKTeX/2.9/pdftex/config/pdftex.map}] [2

] (main.toc [3])
\tf@toc=\write7
\openout7 = `main.toc'.


(Wstep.tex [4] [5

]) (pierwszy.tex [6]
Rozdzia\PlPrIeC {\l } 1.
[7

]

LaTeX Warning: Command \' invalid in math mode on input line 77.


LaTeX Warning: Command \' invalid in math mode on input line 77.

Missing character: There is no  in font plmi7!
Missing character: There is no  in font plmi7!
[8]
Underfull \hbox (badness 10000) in paragraph at lines 129--131


\hbox(0.0+0.0)x447.0312 []


Underfull \hbox (badness 10000) in paragraph at lines 143--144


\hbox(0.0+0.0)x472.03123 []

[9] [10]
Underfull \hbox (badness 10000) in paragraph at lines 234--235


\hbox(0.0+0.0)x472.03123 []


Underfull \hbox (badness 10000) in paragraph at lines 241--247


\hbox(0.0+0.0)x472.03123 []


Underfull \hbox (badness 10000) in paragraph at lines 241--247


\hbox(0.0+0.0)x472.03123 []


Underfull \hbox (badness 10000) in paragraph at lines 259--260


\hbox(0.0+0.0)x472.03123 []


Underfull \hbox (badness 10000) in paragraph at lines 261--266


\hbox(0.0+0.0)x472.03123 []


Underfull \hbox (badness 10000) in paragraph at lines 261--266


\hbox(0.0+0.0)x472.03123 []


Underfull \vbox (badness 2689) has occurred while \output is active
\vbox(556.47656+0.0)x472.03123, glue set 2.99913 []

 [11]
<wykres_pogoda.png, id=89, 452.4403pt x 69.25874pt>
File: wykres_pogoda.png Graphic file (type png)
<use wykres_pogoda.png>
Package pdftex.def Info: wykres_pogoda.png  used on input line 320.
(pdftex.def)             Requested size: 330.42041pt x 50.57957pt.

[12 <./wykres_pogoda.png>]
<pogoda_markov.png, id=96, 674.52pt x 111.41624pt>
File: pogoda_markov.png Graphic file (type png)
<use pogoda_markov.png>
Package pdftex.def Info: pogoda_markov.png  used on input line 365.
(pdftex.def)             Requested size: 330.42041pt x 54.57913pt.
 ("C:\Program Files\MiKTeX 2.9\tex\latex\ucs\utf8x.def"
File: utf8x.def 2004/10/17 UCS: Input encoding UTF-8
) (markov_chain_var_ex.py
LaTeX Font Info:    External font `plex10' loaded for size
(Font)              <8> on input line 1.
LaTeX Font Info:    External font `plex10' loaded for size
(Font)              <6> on input line 1.
 [13 <./pogoda_markov.png>]
LaTeX Font Info:    Try loading font information for OMS+cmr on input line 41.

("C:\Program Files\MiKTeX 2.9\tex\latex\base\omscmr.fd"
File: omscmr.fd 2014/09/29 v2.5h Standard LaTeX font definitions
)
LaTeX Font Info:    Font shape `OMS/cmr/m/n' in size <8> not available
(Font)              Font shape `OMS/cmsy/m/n' tried instead on input line 41.
)
Underfull \vbox (badness 10000) has occurred while \output is active
\vbox(556.47656+0.0)x472.03123 []

 [14]
[15]
<akordy.png, id=113, 534.49687pt x 109.1578pt>
File: akordy.png Graphic file (type png)
<use akordy.png>
Package pdftex.def Info: akordy.png  used on input line 436.
(pdftex.def)             Requested size: 330.42041pt x 67.48225pt.
 ("C:\Program Files\MiKTeX 2.9\tex\latex\ucs\utf8x.def"
File: utf8x.def 2004/10/17 UCS: Input encoding UTF-8
) [16 <./akordy.png>]
Underfull \vbox (badness 10000) has occurred while \output is active
\vbox(556.47656+0.0)x472.03123 []

 [17]
("C:\Program Files\MiKTeX 2.9\tex\latex\ucs\uni-1.def"
File: uni-1.def 2013/05/13 UCS: Unicode data U+0100..U+01FF
)
<hmm_music_notes.png, id=122, 540.5796pt x 37.94176pt>
File: hmm_music_notes.png Graphic file (type png)
<use hmm_music_notes.png>
Package pdftex.def Info: hmm_music_notes.png  used on input line 554.
(pdftex.def)             Requested size: 330.42041pt x 23.1919pt.
<hidden_markov_python.png, id=123, 592.46344pt x 514.17094pt>
File: hidden_markov_python.png Graphic file (type png)
<use hidden_markov_python.png>
Package pdftex.def Info: hidden_markov_python.png  used on input line 567.
(pdftex.def)             Requested size: 330.42041pt x 286.76477pt.

Underfull \vbox (badness 10000) has occurred while \output is active
\vbox(556.47656+0.0)x472.03123, glue set 21.48402 []

 [18 <./hmm_music_notes.png>]
<hidden_markov_python_result.png, id=128, 600.74437pt x 242.40562pt>
File: hidden_markov_python_result.png Graphic file (type png)
<use hidden_markov_python_result.png>
Package pdftex.def Info: hidden_markov_python_result.png  used on input line 57
5.
(pdftex.def)             Requested size: 330.42041pt x 133.33089pt.
 [19 <./hidden_markov_python.png> <./hidden_markov_python_result.png>] [20]

LaTeX Font Warning: Command \large invalid in math mode on input line 625.


LaTeX Font Warning: Command \large invalid in math mode on input line 625.

! Missing $ inserted.
<inserted text> 
                $
l.626 
      
I've inserted a begin-math/end-math symbol since I think
you left one out. Proceed, with fingers crossed.


Overfull \hbox (0.19199pt too wide) in paragraph at lines 625--626
\OT4/cmr/m/n/10 skie-go po-cho-dze-nia Ian-nis Xe-na-kis. Mu-zyk w 1958 ro-ku u
y a-cu-chw Mar-ko-wa w kom-po-zy-cji Analogique$[]$.

\hbox(7.5+2.5)x472.03123, glue set - 1.0 []

[21] ("C:\Program Files\MiKTeX 2.9\tex\latex\ucs\utf8x.def"
File: utf8x.def 2004/10/17 UCS: Input encoding UTF-8
)
LaTeX Font Info:    Try loading font information for OML+cmr on input line 655.


("C:\Program Files\MiKTeX 2.9\tex\latex\base\omlcmr.fd"
File: omlcmr.fd 2014/09/29 v2.5h Standard LaTeX font definitions
)
LaTeX Font Info:    Font shape `OML/cmr/m/n' in size <8> not available
(Font)              Font shape `OML/cmm/m/it' tried instead on input line 655.

("C:\Program Files\MiKTeX 2.9\tex\latex\ucs\utf8x.def"
File: utf8x.def 2004/10/17 UCS: Input encoding UTF-8
) [22]
("C:\Program Files\MiKTeX 2.9\tex\latex\ucs\utf8x.def"
File: utf8x.def 2004/10/17 UCS: Input encoding UTF-8
)
<nutymidi.jpg, id=145, 592.41042pt x 256.5076pt>
File: nutymidi.jpg Graphic file (type jpg)
<use nutymidi.jpg>
Package pdftex.def Info: nutymidi.jpg  used on input line 699.
(pdftex.def)             Requested size: 330.42041pt x 143.0679pt.


LaTeX Font Warning: Command \large invalid in math mode on input line 706.


LaTeX Font Warning: Command \large invalid in math mode on input line 706.


Overfull \hbox (14.41415pt too wide) in paragraph at lines 706--707
[]\OT4/cmr/m/n/10 Innym do-st-pym for-ma-tem su--cym do za-pi-su in-for-ma-
cji o utwo-rze mu-zycz-nym jest stan-dard MusicXML$[]$.

\hbox(7.5+2.5)x472.03123, glue set - 1.0 []

("C:\Program Files\MiKTeX 2.9\tex\latex\ucs\utf8x.def"
File: utf8x.def 2004/10/17 UCS: Input encoding UTF-8
) [23 <./nutymidi.jpg>]
LaTeX Font Info:    Try loading font information for OT4+cmtt on input line 741
.

("C:\Program Files\MiKTeX 2.9\tex\latex\polski\ot4cmtt.fd"
File: ot4cmtt.fd 2008/02/24 v1.2.1 Font defs for fonts PL (MW)
)
Overfull \hbox (2.27434pt too wide) in paragraph at lines 741--742
\OT4/cmr/m/n/10 plik ti-me-wi-se.dtd de-fi-niu-je du-go-ci trwa-nia nut. Na-s
tp-nie wy-st-pu-je gw-ny tag o na-zwie \OT4/cmtt/m/n/10 <score-partwise>\OT
4/cmr/m/n/10 ,

\hbox(6.88889+2.22223)x472.03123, glue set - 1.0 []

[24]
<przyklad_markov.png, id=153, 572.1375pt x 243.91125pt>
File: przyklad_markov.png Graphic file (type png)
<use przyklad_markov.png>
Package pdftex.def Info: przyklad_markov.png  used on input line 811.
(pdftex.def)             Requested size: 330.42041pt x 140.86568pt.
<analiza_midi.png, id=154, 707.64375pt x 292.84406pt>
File: analiza_midi.png Graphic file (type png)
<use analiza_midi.png>
Package pdftex.def Info: analiza_midi.png  used on input line 820.
(pdftex.def)             Requested size: 236.01561pt x 97.66656pt.

Underfull \vbox (badness 10000) has occurred while \output is active
\vbox(556.47656+0.0)x472.03123, glue set 9.815 []

 [25 <./przyklad_markov.png>]
<nuty.png, id=160, 328.22626pt x 192.72pt>
File: nuty.png Graphic file (type png)
<use nuty.png>
Package pdftex.def Info: nuty.png  used on input line 829.
(pdftex.def)             Requested size: 236.01561pt x 138.5789pt.
<graf_nuty.png, id=161, 823.075pt x 313.17pt>
File: graf_nuty.png Graphic file (type png)
<use graf_nuty.png>
Package pdftex.def Info: graf_nuty.png  used on input line 842.
(pdftex.def)             Requested size: 236.01561pt x 89.79912pt.
 [26 <./analiza_midi.png> <./nuty.png> <./graf_nuty.png (PNG copy)>] ("C:\Progr
am Files\MiKTeX 2.9\tex\latex\ucs\utf8x.def"
File: utf8x.def 2004/10/17 UCS: Input encoding UTF-8
)
LaTeX Font Info:    Font shape `OMS/cmr/m/it' in size <8> not available
(Font)              Font shape `OMS/cmsy/m/n' tried instead on input line 850.
<macierz_dla_elizy.png, id=167, 334.24875pt x 67.75313pt>
File: macierz_dla_elizy.png Graphic file (type png)
<use macierz_dla_elizy.png>
Package pdftex.def Info: macierz_dla_elizy.png  used on input line 861.
(pdftex.def)             Requested size: 330.42041pt x 66.98274pt.
<przykad_1.png, id=168, 579.66562pt x 240.14719pt>
File: przykad_1.png Graphic file (type png)
<use przykad_1.png>
Package pdftex.def Info: przykad_1.png  used on input line 870.
(pdftex.def)             Requested size: 330.42041pt x 136.88896pt.
<przyklad_2.png, id=169, 580.41844pt x 247.67531pt>
File: przyklad_2.png Graphic file (type png)
<use przyklad_2.png>
Package pdftex.def Info: przyklad_2.png  used on input line 877.
(pdftex.def)             Requested size: 330.42041pt x 140.99876pt.

Underfull \vbox (badness 10000) has occurred while \output is active
\vbox(556.47656+0.0)x472.03123, glue set 5.944 []

 [27 <./macierz_dla_elizy.png> <./przykad_1.png>]
("C:\Program Files\MiKTeX 2.9\tex\latex\ucs\utf8x.def"
File: utf8x.def 2004/10/17 UCS: Input encoding UTF-8
)
("C:\Program Files\MiKTeX 2.9\tex\latex\ucs\uni-0.def"
File: uni-0.def 2013/05/13 UCS: Unicode data U+0000..U+00FF
))

! LaTeX Error: File `./drugi.tex' not found.

Type X to quit or <RETURN> to proceed,
or enter new name. (Default extension: tex)

Enter file name: 
! Emergency stop.
<read *> 
         
l.132 \input{./drugi.tex}
                         
*** (cannot \read from terminal in nonstop modes)

 
Here is how much of TeX's memory you used:
 41538 strings out of 492973
 851436 string characters out of 3135930
 1023101 words of memory out of 3000000
 44700 multiletter control sequences out of 15000+200000
 620728 words of font info for 220 fonts, out of 3000000 for 9000
 1141 hyphenation exceptions out of 8191
 55i,10n,82p,1602b,1642s stack positions out of 5000i,500n,10000p,200000b,50000s
!  ==> Fatal error occurred, no output PDF file produced!
